<?xml version="1.0" encoding="UTF-8"?>
<testsuite xmlns:xsi="http://www.w3.org/2001/XMLSchema-instance" xsi:noNamespaceSchemaLocation="https://maven.apache.org/surefire/maven-surefire-plugin/xsd/surefire-test-report.xsd" version="3.0.1" name="CoreTests.ParserTests.BasicParserTests" time="0.253" tests="7" errors="3" skipped="0" failures="4">
  <properties>
    <property name="java.specification.version" value="22"/>
    <property name="sun.cpu.isalist" value="amd64"/>
    <property name="sun.jnu.encoding" value="Cp1252"/>
    <property name="java.class.path" value="C:\Users\rayra\CalPoly\CSC305\project-assignment-2-AceOfRay\project2\target\test-classes;C:\Users\rayra\CalPoly\CSC305\project-assignment-2-AceOfRay\project2\target\classes;C:\Users\rayra\.m2\repository\org\junit\jupiter\junit-jupiter-api\5.11.2\junit-jupiter-api-5.11.2.jar;C:\Users\rayra\.m2\repository\org\opentest4j\opentest4j\1.3.0\opentest4j-1.3.0.jar;C:\Users\rayra\.m2\repository\org\junit\platform\junit-platform-commons\1.11.2\junit-platform-commons-1.11.2.jar;C:\Users\rayra\.m2\repository\org\apiguardian\apiguardian-api\1.1.2\apiguardian-api-1.1.2.jar;C:\Users\rayra\.m2\repository\com\fasterxml\jackson\core\jackson-databind\2.18.0\jackson-databind-2.18.0.jar;C:\Users\rayra\.m2\repository\com\fasterxml\jackson\core\jackson-annotations\2.18.0\jackson-annotations-2.18.0.jar;C:\Users\rayra\.m2\repository\com\fasterxml\jackson\core\jackson-core\2.18.0\jackson-core-2.18.0.jar;C:\Users\rayra\.m2\repository\org\json\json\20240303\json-20240303.jar;"/>
    <property name="java.vm.vendor" value="Oracle Corporation"/>
    <property name="sun.arch.data.model" value="64"/>
    <property name="user.variant" value=""/>
    <property name="java.vendor.url" value="https://java.oracle.com/"/>
    <property name="user.timezone" value="America/Los_Angeles"/>
    <property name="os.name" value="Windows 11"/>
    <property name="java.vm.specification.version" value="22"/>
    <property name="sun.java.launcher" value="SUN_STANDARD"/>
    <property name="user.country" value="US"/>
    <property name="sun.boot.library.path" value="C:\Program Files\Java\jdk-22\bin"/>
    <property name="sun.java.command" value="C:\Users\rayra\AppData\Local\Temp\surefire18058567732719094733\surefirebooter-20241030150529175_3.jar C:\Users\rayra\AppData\Local\Temp\surefire18058567732719094733 2024-10-30T15-05-28_996-jvmRun1 surefire-20241030150529175_1tmp surefire_0-20241030150529175_2tmp"/>
    <property name="jdk.debug" value="release"/>
    <property name="surefire.test.class.path" value="C:\Users\rayra\CalPoly\CSC305\project-assignment-2-AceOfRay\project2\target\test-classes;C:\Users\rayra\CalPoly\CSC305\project-assignment-2-AceOfRay\project2\target\classes;C:\Users\rayra\.m2\repository\org\junit\jupiter\junit-jupiter-api\5.11.2\junit-jupiter-api-5.11.2.jar;C:\Users\rayra\.m2\repository\org\opentest4j\opentest4j\1.3.0\opentest4j-1.3.0.jar;C:\Users\rayra\.m2\repository\org\junit\platform\junit-platform-commons\1.11.2\junit-platform-commons-1.11.2.jar;C:\Users\rayra\.m2\repository\org\apiguardian\apiguardian-api\1.1.2\apiguardian-api-1.1.2.jar;C:\Users\rayra\.m2\repository\com\fasterxml\jackson\core\jackson-databind\2.18.0\jackson-databind-2.18.0.jar;C:\Users\rayra\.m2\repository\com\fasterxml\jackson\core\jackson-annotations\2.18.0\jackson-annotations-2.18.0.jar;C:\Users\rayra\.m2\repository\com\fasterxml\jackson\core\jackson-core\2.18.0\jackson-core-2.18.0.jar;C:\Users\rayra\.m2\repository\org\json\json\20240303\json-20240303.jar;"/>
    <property name="sun.cpu.endian" value="little"/>
    <property name="user.home" value="C:\Users\rayra"/>
    <property name="user.language" value="en"/>
    <property name="java.specification.vendor" value="Oracle Corporation"/>
    <property name="java.version.date" value="2024-07-16"/>
    <property name="java.home" value="C:\Program Files\Java\jdk-22"/>
    <property name="file.separator" value="\"/>
    <property name="basedir" value="C:\Users\rayra\CalPoly\CSC305\project-assignment-2-AceOfRay\project2"/>
    <property name="java.vm.compressedOopsMode" value="Zero based"/>
    <property name="line.separator" value="&#10;"/>
    <property name="java.vm.specification.vendor" value="Oracle Corporation"/>
    <property name="java.specification.name" value="Java Platform API Specification"/>
    <property name="surefire.real.class.path" value="C:\Users\rayra\AppData\Local\Temp\surefire18058567732719094733\surefirebooter-20241030150529175_3.jar"/>
    <property name="user.script" value=""/>
    <property name="sun.management.compiler" value="HotSpot 64-Bit Tiered Compilers"/>
    <property name="java.runtime.version" value="22.0.2+9-70"/>
    <property name="user.name" value="rayra"/>
    <property name="stdout.encoding" value="Cp1252"/>
    <property name="path.separator" value=";"/>
    <property name="os.version" value="10.0"/>
    <property name="java.runtime.name" value="Java(TM) SE Runtime Environment"/>
    <property name="file.encoding" value="UTF-8"/>
    <property name="java.vm.name" value="Java HotSpot(TM) 64-Bit Server VM"/>
    <property name="localRepository" value="C:\Users\rayra\.m2\repository"/>
    <property name="java.vendor.url.bug" value="https://bugreport.java.com/bugreport/"/>
    <property name="java.io.tmpdir" value="C:\Users\rayra\AppData\Local\Temp\"/>
    <property name="java.version" value="22.0.2"/>
    <property name="user.dir" value="C:\Users\rayra\CalPoly\CSC305\project-assignment-2-AceOfRay\project2"/>
    <property name="os.arch" value="amd64"/>
    <property name="java.vm.specification.name" value="Java Virtual Machine Specification"/>
    <property name="sun.os.patch.level" value=""/>
    <property name="native.encoding" value="Cp1252"/>
    <property name="java.library.path" value="C:\Program Files\Java\jdk-22\bin;C:\WINDOWS\Sun\Java\bin;C:\WINDOWS\system32;C:\WINDOWS;C:\Program Files\Common Files\Oracle\Java\javapath;C:\WINDOWS\system32;C:\WINDOWS;C:\WINDOWS\System32\Wbem;C:\WINDOWS\System32\WindowsPowerShell\v1.0\;C:\WINDOWS\System32\OpenSSH\;C:\Program Files\Maven\apache-maven-3.9.8\bin;C:\Program Files\Git\cmd;C:\MinGW\bin;C:\Program Files\nodejs\;C:\Users\rayra\AppData\Local\Programs\Python\Python312\Scripts\;C:\Users\rayra\AppData\Local\Programs\Python\Python312\;C:\Users\rayra\AppData\Local\Programs\Python\Launcher\;C:\Users\rayra\AppData\Local\Microsoft\WindowsApps;C:\Users\rayra\AppData\Local\Programs\Microsoft VS Code\bin;C:\Users\rayra\AppData\Roaming\npm;;."/>
    <property name="java.vm.info" value="mixed mode, sharing"/>
    <property name="stderr.encoding" value="Cp1252"/>
    <property name="java.vendor" value="Oracle Corporation"/>
    <property name="java.vm.version" value="22.0.2+9-70"/>
    <property name="sun.io.unicode.encoding" value="UnicodeLittle"/>
    <property name="java.class.version" value="66.0"/>
  </properties>
  <testcase name="testParse_MixedGreenRedCollections" classname="CoreTests.ParserTests.BasicParserTests" time="0.125">
    <failure message="expected: &lt;[Collection {status= ok&#10;totalResults= 3&#10;articles= [Title: NHL fires referee Tim Peel after hot mic captures him saying he &apos;wanted to&apos; call penalty - NBC News&#10;Description: NHL ices referee Tim Peel after hot mic captures odd, f-bomb comment&#10;Date Published: Wed Mar 24 12:06:32 PDT 2021&#10;Source Link: https://www.nbcnews.com/news/us-news/nhl-fires-referee-tim-peel-after-hot-mic-captures-him-n1261954&#10;, Title: New coronavirus strain detected in India | TheHill - The Hill&#10;Description: A new coronavirus strain has been detected in India, the ...&#10;Date Published: Wed Mar 24 11:59:09 PDT 2021&#10;Source Link: https://thehill.com/homenews/news/544754-new-coronavirus-strain-detected-in-india&#10;, Title: Historic Image Of Black Hole In Polarized Light From Event Horizon Telescope - NPR&#10;Description: The Event Horizon Telescope project, which produced the world&apos;s first image of a black hole in 2019 in the M87 galaxy, unveiled a new view of its magnetic fields as captured by polarized light.&#10;Date Published: Wed Mar 24 14:05:34 PDT 2021&#10;Source Link: https://www.npr.org/2021/03/24/980896706/stunning-new-image-of-black-hole-reveals-surrounding-magnetic-fields&#10;]&#10;validArticles= [Title: NHL fires referee Tim Peel after hot mic captures him saying he &apos;wanted to&apos; call penalty - NBC News&#10;Description: NHL ices referee Tim Peel after hot mic captures odd, f-bomb comment&#10;Date Published: Wed Mar 24 12:06:32 PDT 2021&#10;Source Link: https://www.nbcnews.com/news/us-news/nhl-fires-referee-tim-peel-after-hot-mic-captures-him-n1261954&#10;, Title: New coronavirus strain detected in India | TheHill - The Hill&#10;Description: A new coronavirus strain has been detected in India, the ...&#10;Date Published: Wed Mar 24 11:59:09 PDT 2021&#10;Source Link: https://thehill.com/homenews/news/544754-new-coronavirus-strain-detected-in-india&#10;, Title: Historic Image Of Black Hole In Polarized Light From Event Horizon Telescope - NPR&#10;Description: The Event Horizon Telescope project, which produced the world&apos;s first image of a black hole in 2019 in the M87 galaxy, unveiled a new view of its magnetic fields as captured by polarized light.&#10;Date Published: Wed Mar 24 14:05:34 PDT 2021&#10;Source Link: https://www.npr.org/2021/03/24/980896706/stunning-new-image-of-black-hole-reveals-surrounding-magnetic-fields&#10;]&#10;invalidArticles= []}, Collection {status= ok&#10;totalResults= 3&#10;articles= [Title: NHL fires referee Tim Peel after hot mic captures him saying he &apos;wanted to&apos; call penalty - NBC News&#10;Description: NHL ices referee Tim Peel after hot mic captures odd, f-bomb comment&#10;Date Published: Wed Mar 24 12:06:32 PDT 2021&#10;Source Link: https://www.nbcnews.com/news/us-news/nhl-fires-referee-tim-peel-after-hot-mic-captures-him-n1261954&#10;, Title: New coronavirus strain detected in India | TheHill - The Hill&#10;Description: A new coronavirus strain has been detected in India, the ...&#10;Date Published: Wed Mar 24 11:59:09 PDT 2021&#10;Source Link: https://thehill.com/homenews/news/544754-new-coronavirus-strain-detected-in-india&#10;, Title: null&#10;Description: The Event Horizon Telescope project, which produced the world&apos;s first image of a black hole in 2019 in the M87 galaxy, unveiled a new view of its magnetic fields as captured by polarized light.&#10;Date Published: Wed Mar 24 14:05:34 PDT 2021&#10;Source Link: https://www.npr.org/2021/03/24/980896706/stunning-new-image-of-black-hole-reveals-surrounding-magnetic-fields&#10;]&#10;validArticles= [Title: NHL fires referee Tim Peel after hot mic captures him saying he &apos;wanted to&apos; call penalty - NBC News&#10;Description: NHL ices referee Tim Peel after hot mic captures odd, f-bomb comment&#10;Date Published: Wed Mar 24 12:06:32 PDT 2021&#10;Source Link: https://www.nbcnews.com/news/us-news/nhl-fires-referee-tim-peel-after-hot-mic-captures-him-n1261954&#10;, Title: New coronavirus strain detected in India | TheHill - The Hill&#10;Description: A new coronavirus strain has been detected in India, the ...&#10;Date Published: Wed Mar 24 11:59:09 PDT 2021&#10;Source Link: https://thehill.com/homenews/news/544754-new-coronavirus-strain-detected-in-india&#10;]&#10;invalidArticles= [Title: null&#10;Description: The Event Horizon Telescope project, which produced the world&apos;s first image of a black hole in 2019 in the M87 galaxy, unveiled a new view of its magnetic fields as captured by polarized light.&#10;Date Published: Wed Mar 24 14:05:34 PDT 2021&#10;Source Link: https://www.npr.org/2021/03/24/980896706/stunning-new-image-of-black-hole-reveals-surrounding-magnetic-fields&#10;]}, Collection {status= ok&#10;totalResults= 3&#10;articles= [Title: null&#10;Description: NHL ices referee Tim Peel after hot mic captures odd, f-bomb comment&#10;Date Published: Wed Mar 24 12:06:32 PDT 2021&#10;Source Link: https://www.nbcnews.com/news/us-news/nhl-fires-referee-tim-peel-after-hot-mic-captures-him-n1261954&#10;, Title: null&#10;Description: A new coronavirus strain has been detected in India, the ...&#10;Date Published: Wed Mar 24 11:59:09 PDT 2021&#10;Source Link: https://thehill.com/homenews/news/544754-new-coronavirus-strain-detected-in-india&#10;, Title: null&#10;Description: The Event Horizon Telescope project, which produced the world&apos;s first image of a black hole in 2019 in the M87 galaxy, unveiled a new view of its magnetic fields as captured by polarized light.&#10;Date Published: Wed Mar 24 14:05:34 PDT 2021&#10;Source Link: https://www.npr.org/2021/03/24/980896706/stunning-new-image-of-black-hole-reveals-surrounding-magnetic-fields&#10;]&#10;validArticles= []&#10;invalidArticles= [Title: null&#10;Description: NHL ices referee Tim Peel after hot mic captures odd, f-bomb comment&#10;Date Published: Wed Mar 24 12:06:32 PDT 2021&#10;Source Link: https://www.nbcnews.com/news/us-news/nhl-fires-referee-tim-peel-after-hot-mic-captures-him-n1261954&#10;, Title: null&#10;Description: A new coronavirus strain has been detected in India, the ...&#10;Date Published: Wed Mar 24 11:59:09 PDT 2021&#10;Source Link: https://thehill.com/homenews/news/544754-new-coronavirus-strain-detected-in-india&#10;, Title: null&#10;Description: The Event Horizon Telescope project, which produced the world&apos;s first image of a black hole in 2019 in the M87 galaxy, unveiled a new view of its magnetic fields as captured by polarized light.&#10;Date Published: Wed Mar 24 14:05:34 PDT 2021&#10;Source Link: https://www.npr.org/2021/03/24/980896706/stunning-new-image-of-black-hole-reveals-surrounding-magnetic-fields&#10;]}, Collection {status= ok&#10;totalResults= 3&#10;articles= [Title: NHL fires referee Tim Peel after hot mic captures him saying he &apos;wanted to&apos; call penalty - NBC News&#10;Description: NHL ices referee Tim Peel after hot mic captures odd, f-bomb comment&#10;Date Published: Wed Mar 24 12:06:32 PDT 2021&#10;Source Link: https://www.nbcnews.com/news/us-news/nhl-fires-referee-tim-peel-after-hot-mic-captures-him-n1261954&#10;, Title: New coronavirus strain detected in India | TheHill - The Hill&#10;Description: A new coronavirus strain has been detected in India, the ...&#10;Date Published: Wed Mar 24 11:59:09 PDT 2021&#10;Source Link: https://thehill.com/homenews/news/544754-new-coronavirus-strain-detected-in-india&#10;, Title: null&#10;Description: The Event Horizon Telescope project, which produced the world&apos;s first image of a black hole in 2019 in the M87 galaxy, unveiled a new view of its magnetic fields as captured by polarized light.&#10;Date Published: Wed Mar 24 14:05:34 PDT 2021&#10;Source Link: https://www.npr.org/2021/03/24/980896706/stunning-new-image-of-black-hole-reveals-surrounding-magnetic-fields&#10;]&#10;validArticles= [Title: NHL fires referee Tim Peel after hot mic captures him saying he &apos;wanted to&apos; call penalty - NBC News&#10;Description: NHL ices referee Tim Peel after hot mic captures odd, f-bomb comment&#10;Date Published: Wed Mar 24 12:06:32 PDT 2021&#10;Source Link: https://www.nbcnews.com/news/us-news/nhl-fires-referee-tim-peel-after-hot-mic-captures-him-n1261954&#10;, Title: New coronavirus strain detected in India | TheHill - The Hill&#10;Description: A new coronavirus strain has been detected in India, the ...&#10;Date Published: Wed Mar 24 11:59:09 PDT 2021&#10;Source Link: https://thehill.com/homenews/news/544754-new-coronavirus-strain-detected-in-india&#10;]&#10;invalidArticles= [Title: null&#10;Description: The Event Horizon Telescope project, which produced the world&apos;s first image of a black hole in 2019 in the M87 galaxy, unveiled a new view of its magnetic fields as captured by polarized light.&#10;Date Published: Wed Mar 24 14:05:34 PDT 2021&#10;Source Link: https://www.npr.org/2021/03/24/980896706/stunning-new-image-of-black-hole-reveals-surrounding-magnetic-fields&#10;]}, Collection {status= ok&#10;totalResults= 3&#10;articles= [Title: null&#10;Description: NHL ices referee Tim Peel after hot mic captures odd, f-bomb comment&#10;Date Published: Wed Mar 24 12:06:32 PDT 2021&#10;Source Link: https://www.nbcnews.com/news/us-news/nhl-fires-referee-tim-peel-after-hot-mic-captures-him-n1261954&#10;, Title: null&#10;Description: A new coronavirus strain has been detected in India, the ...&#10;Date Published: Wed Mar 24 11:59:09 PDT 2021&#10;Source Link: https://thehill.com/homenews/news/544754-new-coronavirus-strain-detected-in-india&#10;, Title: null&#10;Description: The Event Horizon Telescope project, which produced the world&apos;s first image of a black hole in 2019 in the M87 galaxy, unveiled a new view of its magnetic fields as captured by polarized light.&#10;Date Published: Wed Mar 24 14:05:34 PDT 2021&#10;Source Link: https://www.npr.org/2021/03/24/980896706/stunning-new-image-of-black-hole-reveals-surrounding-magnetic-fields&#10;]&#10;validArticles= []&#10;invalidArticles= [Title: null&#10;Description: NHL ices referee Tim Peel after hot mic captures odd, f-bomb comment&#10;Date Published: Wed Mar 24 12:06:32 PDT 2021&#10;Source Link: https://www.nbcnews.com/news/us-news/nhl-fires-referee-tim-peel-after-hot-mic-captures-him-n1261954&#10;, Title: null&#10;Description: A new coronavirus strain has been detected in India, the ...&#10;Date Published: Wed Mar 24 11:59:09 PDT 2021&#10;Source Link: https://thehill.com/homenews/news/544754-new-coronavirus-strain-detected-in-india&#10;, Title: null&#10;Description: The Event Horizon Telescope project, which produced the world&apos;s first image of a black hole in 2019 in the M87 galaxy, unveiled a new view of its magnetic fields as captured by polarized light.&#10;Date Published: Wed Mar 24 14:05:34 PDT 2021&#10;Source Link: https://www.npr.org/2021/03/24/980896706/stunning-new-image-of-black-hole-reveals-surrounding-magnetic-fields&#10;]}]&gt; but was: &lt;[]&gt;" type="org.opentest4j.AssertionFailedError"><![CDATA[org.opentest4j.AssertionFailedError: 
expected: <[Collection {status= ok
totalResults= 3
articles= [Title: NHL fires referee Tim Peel after hot mic captures him saying he 'wanted to' call penalty - NBC News
Description: NHL ices referee Tim Peel after hot mic captures odd, f-bomb comment
Date Published: Wed Mar 24 12:06:32 PDT 2021
Source Link: https://www.nbcnews.com/news/us-news/nhl-fires-referee-tim-peel-after-hot-mic-captures-him-n1261954
, Title: New coronavirus strain detected in India | TheHill - The Hill
Description: A new coronavirus strain has been detected in India, the ...
Date Published: Wed Mar 24 11:59:09 PDT 2021
Source Link: https://thehill.com/homenews/news/544754-new-coronavirus-strain-detected-in-india
, Title: Historic Image Of Black Hole In Polarized Light From Event Horizon Telescope - NPR
Description: The Event Horizon Telescope project, which produced the world's first image of a black hole in 2019 in the M87 galaxy, unveiled a new view of its magnetic fields as captured by polarized light.
Date Published: Wed Mar 24 14:05:34 PDT 2021
Source Link: https://www.npr.org/2021/03/24/980896706/stunning-new-image-of-black-hole-reveals-surrounding-magnetic-fields
]
validArticles= [Title: NHL fires referee Tim Peel after hot mic captures him saying he 'wanted to' call penalty - NBC News
Description: NHL ices referee Tim Peel after hot mic captures odd, f-bomb comment
Date Published: Wed Mar 24 12:06:32 PDT 2021
Source Link: https://www.nbcnews.com/news/us-news/nhl-fires-referee-tim-peel-after-hot-mic-captures-him-n1261954
, Title: New coronavirus strain detected in India | TheHill - The Hill
Description: A new coronavirus strain has been detected in India, the ...
Date Published: Wed Mar 24 11:59:09 PDT 2021
Source Link: https://thehill.com/homenews/news/544754-new-coronavirus-strain-detected-in-india
, Title: Historic Image Of Black Hole In Polarized Light From Event Horizon Telescope - NPR
Description: The Event Horizon Telescope project, which produced the world's first image of a black hole in 2019 in the M87 galaxy, unveiled a new view of its magnetic fields as captured by polarized light.
Date Published: Wed Mar 24 14:05:34 PDT 2021
Source Link: https://www.npr.org/2021/03/24/980896706/stunning-new-image-of-black-hole-reveals-surrounding-magnetic-fields
]
invalidArticles= []}, Collection {status= ok
totalResults= 3
articles= [Title: NHL fires referee Tim Peel after hot mic captures him saying he 'wanted to' call penalty - NBC News
Description: NHL ices referee Tim Peel after hot mic captures odd, f-bomb comment
Date Published: Wed Mar 24 12:06:32 PDT 2021
Source Link: https://www.nbcnews.com/news/us-news/nhl-fires-referee-tim-peel-after-hot-mic-captures-him-n1261954
, Title: New coronavirus strain detected in India | TheHill - The Hill
Description: A new coronavirus strain has been detected in India, the ...
Date Published: Wed Mar 24 11:59:09 PDT 2021
Source Link: https://thehill.com/homenews/news/544754-new-coronavirus-strain-detected-in-india
, Title: null
Description: The Event Horizon Telescope project, which produced the world's first image of a black hole in 2019 in the M87 galaxy, unveiled a new view of its magnetic fields as captured by polarized light.
Date Published: Wed Mar 24 14:05:34 PDT 2021
Source Link: https://www.npr.org/2021/03/24/980896706/stunning-new-image-of-black-hole-reveals-surrounding-magnetic-fields
]
validArticles= [Title: NHL fires referee Tim Peel after hot mic captures him saying he 'wanted to' call penalty - NBC News
Description: NHL ices referee Tim Peel after hot mic captures odd, f-bomb comment
Date Published: Wed Mar 24 12:06:32 PDT 2021
Source Link: https://www.nbcnews.com/news/us-news/nhl-fires-referee-tim-peel-after-hot-mic-captures-him-n1261954
, Title: New coronavirus strain detected in India | TheHill - The Hill
Description: A new coronavirus strain has been detected in India, the ...
Date Published: Wed Mar 24 11:59:09 PDT 2021
Source Link: https://thehill.com/homenews/news/544754-new-coronavirus-strain-detected-in-india
]
invalidArticles= [Title: null
Description: The Event Horizon Telescope project, which produced the world's first image of a black hole in 2019 in the M87 galaxy, unveiled a new view of its magnetic fields as captured by polarized light.
Date Published: Wed Mar 24 14:05:34 PDT 2021
Source Link: https://www.npr.org/2021/03/24/980896706/stunning-new-image-of-black-hole-reveals-surrounding-magnetic-fields
]}, Collection {status= ok
totalResults= 3
articles= [Title: null
Description: NHL ices referee Tim Peel after hot mic captures odd, f-bomb comment
Date Published: Wed Mar 24 12:06:32 PDT 2021
Source Link: https://www.nbcnews.com/news/us-news/nhl-fires-referee-tim-peel-after-hot-mic-captures-him-n1261954
, Title: null
Description: A new coronavirus strain has been detected in India, the ...
Date Published: Wed Mar 24 11:59:09 PDT 2021
Source Link: https://thehill.com/homenews/news/544754-new-coronavirus-strain-detected-in-india
, Title: null
Description: The Event Horizon Telescope project, which produced the world's first image of a black hole in 2019 in the M87 galaxy, unveiled a new view of its magnetic fields as captured by polarized light.
Date Published: Wed Mar 24 14:05:34 PDT 2021
Source Link: https://www.npr.org/2021/03/24/980896706/stunning-new-image-of-black-hole-reveals-surrounding-magnetic-fields
]
validArticles= []
invalidArticles= [Title: null
Description: NHL ices referee Tim Peel after hot mic captures odd, f-bomb comment
Date Published: Wed Mar 24 12:06:32 PDT 2021
Source Link: https://www.nbcnews.com/news/us-news/nhl-fires-referee-tim-peel-after-hot-mic-captures-him-n1261954
, Title: null
Description: A new coronavirus strain has been detected in India, the ...
Date Published: Wed Mar 24 11:59:09 PDT 2021
Source Link: https://thehill.com/homenews/news/544754-new-coronavirus-strain-detected-in-india
, Title: null
Description: The Event Horizon Telescope project, which produced the world's first image of a black hole in 2019 in the M87 galaxy, unveiled a new view of its magnetic fields as captured by polarized light.
Date Published: Wed Mar 24 14:05:34 PDT 2021
Source Link: https://www.npr.org/2021/03/24/980896706/stunning-new-image-of-black-hole-reveals-surrounding-magnetic-fields
]}, Collection {status= ok
totalResults= 3
articles= [Title: NHL fires referee Tim Peel after hot mic captures him saying he 'wanted to' call penalty - NBC News
Description: NHL ices referee Tim Peel after hot mic captures odd, f-bomb comment
Date Published: Wed Mar 24 12:06:32 PDT 2021
Source Link: https://www.nbcnews.com/news/us-news/nhl-fires-referee-tim-peel-after-hot-mic-captures-him-n1261954
, Title: New coronavirus strain detected in India | TheHill - The Hill
Description: A new coronavirus strain has been detected in India, the ...
Date Published: Wed Mar 24 11:59:09 PDT 2021
Source Link: https://thehill.com/homenews/news/544754-new-coronavirus-strain-detected-in-india
, Title: null
Description: The Event Horizon Telescope project, which produced the world's first image of a black hole in 2019 in the M87 galaxy, unveiled a new view of its magnetic fields as captured by polarized light.
Date Published: Wed Mar 24 14:05:34 PDT 2021
Source Link: https://www.npr.org/2021/03/24/980896706/stunning-new-image-of-black-hole-reveals-surrounding-magnetic-fields
]
validArticles= [Title: NHL fires referee Tim Peel after hot mic captures him saying he 'wanted to' call penalty - NBC News
Description: NHL ices referee Tim Peel after hot mic captures odd, f-bomb comment
Date Published: Wed Mar 24 12:06:32 PDT 2021
Source Link: https://www.nbcnews.com/news/us-news/nhl-fires-referee-tim-peel-after-hot-mic-captures-him-n1261954
, Title: New coronavirus strain detected in India | TheHill - The Hill
Description: A new coronavirus strain has been detected in India, the ...
Date Published: Wed Mar 24 11:59:09 PDT 2021
Source Link: https://thehill.com/homenews/news/544754-new-coronavirus-strain-detected-in-india
]
invalidArticles= [Title: null
Description: The Event Horizon Telescope project, which produced the world's first image of a black hole in 2019 in the M87 galaxy, unveiled a new view of its magnetic fields as captured by polarized light.
Date Published: Wed Mar 24 14:05:34 PDT 2021
Source Link: https://www.npr.org/2021/03/24/980896706/stunning-new-image-of-black-hole-reveals-surrounding-magnetic-fields
]}, Collection {status= ok
totalResults= 3
articles= [Title: null
Description: NHL ices referee Tim Peel after hot mic captures odd, f-bomb comment
Date Published: Wed Mar 24 12:06:32 PDT 2021
Source Link: https://www.nbcnews.com/news/us-news/nhl-fires-referee-tim-peel-after-hot-mic-captures-him-n1261954
, Title: null
Description: A new coronavirus strain has been detected in India, the ...
Date Published: Wed Mar 24 11:59:09 PDT 2021
Source Link: https://thehill.com/homenews/news/544754-new-coronavirus-strain-detected-in-india
, Title: null
Description: The Event Horizon Telescope project, which produced the world's first image of a black hole in 2019 in the M87 galaxy, unveiled a new view of its magnetic fields as captured by polarized light.
Date Published: Wed Mar 24 14:05:34 PDT 2021
Source Link: https://www.npr.org/2021/03/24/980896706/stunning-new-image-of-black-hole-reveals-surrounding-magnetic-fields
]
validArticles= []
invalidArticles= [Title: null
Description: NHL ices referee Tim Peel after hot mic captures odd, f-bomb comment
Date Published: Wed Mar 24 12:06:32 PDT 2021
Source Link: https://www.nbcnews.com/news/us-news/nhl-fires-referee-tim-peel-after-hot-mic-captures-him-n1261954
, Title: null
Description: A new coronavirus strain has been detected in India, the ...
Date Published: Wed Mar 24 11:59:09 PDT 2021
Source Link: https://thehill.com/homenews/news/544754-new-coronavirus-strain-detected-in-india
, Title: null
Description: The Event Horizon Telescope project, which produced the world's first image of a black hole in 2019 in the M87 galaxy, unveiled a new view of its magnetic fields as captured by polarized light.
Date Published: Wed Mar 24 14:05:34 PDT 2021
Source Link: https://www.npr.org/2021/03/24/980896706/stunning-new-image-of-black-hole-reveals-surrounding-magnetic-fields
]}]> but was: <[]>
	at org.junit.jupiter.api.AssertionFailureBuilder.build(AssertionFailureBuilder.java:151)
	at org.junit.jupiter.api.AssertionFailureBuilder.buildAndThrow(AssertionFailureBuilder.java:132)
	at org.junit.jupiter.api.AssertEquals.failNotEqual(AssertEquals.java:197)
	at org.junit.jupiter.api.AssertEquals.assertEquals(AssertEquals.java:182)
	at org.junit.jupiter.api.AssertEquals.assertEquals(AssertEquals.java:177)
	at org.junit.jupiter.api.Assertions.assertEquals(Assertions.java:1145)
	at CoreTests.ParserTests.BasicParserTests.testParse_MixedGreenRedCollections(BasicParserTests.java:203)
	at java.base/java.lang.reflect.Method.invoke(Method.java:580)
	at java.base/java.util.ArrayList.forEach(ArrayList.java:1597)
	at java.base/java.util.ArrayList.forEach(ArrayList.java:1597)
]]></failure>
    <system-err><![CDATA[Oct 30, 2024 3:05:29 PM CustomNewsAPI.Core.Parsers.APIParser lambda$0
SEVERE: Caught a JSONException while parsing.
{
  "status": "ok",
  "totalResults": 3,
  "articles": [
    {
      "source": {
        "id": "nbc-news",
        "name": "NBC News"
      },
      "author": "David K. Li, The Associated Press",
      "title": "NHL fires referee Tim Peel after hot mic captures him saying he 'wanted to' call penalty - NBC News",
      "description": "NHL ices referee Tim Peel after hot mic captures odd, f-bomb comment",
      "url": "https://www.nbcnews.com/news/us-news/nhl-fires-referee-tim-peel-after-hot-mic-captures-him-n1261954",
      "urlToImage": "https://media4.s-nbcnews.com/j/newscms/2021_12/3459282/210324-tim-peel-jm-1401_53a25ae71f2d6a577dbd8be6bf880c4e.nbcnews-fp-1200-630.jpg",
      "publishedAt": "2021-03-24T19:06:32Z",
      "content": "The NHL fired referee Tim Peel on Wednesday after a hot mic captured him boasting about whistling a penalty because he \"wanted to.\"\r\nThe league's action came less than 24 hours after Peel officiated … [+1920 chars]"
    },
    {
      "source": {
        "id": "the-hill",
        "name": "The Hill"
      },
      "author": "Mychael Schnell",
      "title": "New coronavirus strain detected in India | TheHill - The Hill",
      "description": "A new coronavirus strain has been detected in India, the ...",
      "url": "https://thehill.com/homenews/news/544754-new-coronavirus-strain-detected-in-india",
      "urlToImage": "https://thehill.com/sites/default/files/indiacoronavirus_032421getty.jpg",
      "publishedAt": "2021-03-24T18:59:09Z",
      "content": "A new coronavirus strain has been detected in India, the nation's health ministry announced on Wednesday, but officials have not yet determined if the variant is contributing to a surge of cases in t… [+1764 chars]"
    },
    {
      "source": {
        "id": null,
        "name": "NPR"
      },
      "author": "Rachel Treisman",
      "title": "Historic Image Of Black Hole In Polarized Light From Event Horizon Telescope - NPR",
      "description": "The Event Horizon Telescope project, which produced the world's first image of a black hole in 2019 in the M87 galaxy, unveiled a new view of its magnetic fields as captured by polarized light.",
      "url": "https://www.npr.org/2021/03/24/980896706/stunning-new-image-of-black-hole-reveals-surrounding-magnetic-fields",
      "urlToImage": "https://media.npr.org/assets/img/2021/03/24/black-hole_wide-9e71068489f46bf5fad165a35cfa0be937b0e968.jpg?s=1400",
      "publishedAt": "2021-03-24T21:05:34Z",
      "content": "The Event Horizon Telescope collaboration, which released the world's first image of a black hole in 2019, unveiled a new view on Wednesday showing how the object at the center of the M87 galaxy look… [+4196 chars]"
    }
  ]
}
JSONObject["status"] not found.
Oct 30, 2024 3:05:29 PM CustomNewsAPI.Core.Parsers.APIParser lambda$0
SEVERE: Caught a JSONException while parsing.
{
  "status": "ok",
  "totalResults": 3,
  "articles": [
    {
      "source": {
        "id": "nbc-news",
        "name": "NBC News"
      },
      "author": "David K. Li, The Associated Press",
      "title": "NHL fires referee Tim Peel after hot mic captures him saying he 'wanted to' call penalty - NBC News",
      "description": "NHL ices referee Tim Peel after hot mic captures odd, f-bomb comment",
      "url": "https://www.nbcnews.com/news/us-news/nhl-fires-referee-tim-peel-after-hot-mic-captures-him-n1261954",
      "urlToImage": "https://media4.s-nbcnews.com/j/newscms/2021_12/3459282/210324-tim-peel-jm-1401_53a25ae71f2d6a577dbd8be6bf880c4e.nbcnews-fp-1200-630.jpg",
      "publishedAt": "2021-03-24T19:06:32Z",
      "content": "The NHL fired referee Tim Peel on Wednesday after a hot mic captured him boasting about whistling a penalty because he \"wanted to.\"\r\nThe league's action came less than 24 hours after Peel officiated … [+1920 chars]"
    },
    {
      "source": {
        "id": "the-hill",
        "name": "The Hill"
      },
      "author": "Mychael Schnell",
      "title": "New coronavirus strain detected in India | TheHill - The Hill",
      "description": "A new coronavirus strain has been detected in India, the ...",
      "url": "https://thehill.com/homenews/news/544754-new-coronavirus-strain-detected-in-india",
      "urlToImage": "https://thehill.com/sites/default/files/indiacoronavirus_032421getty.jpg",
      "publishedAt": "2021-03-24T18:59:09Z",
      "content": "A new coronavirus strain has been detected in India, the nation's health ministry announced on Wednesday, but officials have not yet determined if the variant is contributing to a surge of cases in t… [+1764 chars]"
    },
    {
      "source": {
        "id": null,
        "name": "NPR"
      },
      "author": "Rachel Treisman",
      "description": "The Event Horizon Telescope project, which produced the world's first image of a black hole in 2019 in the M87 galaxy, unveiled a new view of its magnetic fields as captured by polarized light.",
      "url": "https://www.npr.org/2021/03/24/980896706/stunning-new-image-of-black-hole-reveals-surrounding-magnetic-fields",
      "urlToImage": "https://media.npr.org/assets/img/2021/03/24/black-hole_wide-9e71068489f46bf5fad165a35cfa0be937b0e968.jpg?s=1400",
      "publishedAt": "2021-03-24T21:05:34Z",
      "content": "The Event Horizon Telescope collaboration, which released the world's first image of a black hole in 2019, unveiled a new view on Wednesday showing how the object at the center of the M87 galaxy look… [+4196 chars]"
    }
  ]
}
JSONObject["status"] not found.
Oct 30, 2024 3:05:29 PM CustomNewsAPI.Core.Parsers.APIParser lambda$0
SEVERE: Caught a JSONException while parsing.
{
  "status": "ok",
  "totalResults": 3,
  "articles": [
    {
      "source": {
        "id": "nbc-news",
        "name": "NBC News"
      },
      "author": "David K. Li, The Associated Press",
      "description": "NHL ices referee Tim Peel after hot mic captures odd, f-bomb comment",
      "url": "https://www.nbcnews.com/news/us-news/nhl-fires-referee-tim-peel-after-hot-mic-captures-him-n1261954",
      "urlToImage": "https://media4.s-nbcnews.com/j/newscms/2021_12/3459282/210324-tim-peel-jm-1401_53a25ae71f2d6a577dbd8be6bf880c4e.nbcnews-fp-1200-630.jpg",
      "publishedAt": "2021-03-24T19:06:32Z",
      "content": "The NHL fired referee Tim Peel on Wednesday after a hot mic captured him boasting about whistling a penalty because he \"wanted to.\"\r\nThe league's action came less than 24 hours after Peel officiated … [+1920 chars]"
    },
    {
      "source": {
        "id": "the-hill",
        "name": "The Hill"
      },
      "author": "Mychael Schnell",
      "description": "A new coronavirus strain has been detected in India, the ...",
      "url": "https://thehill.com/homenews/news/544754-new-coronavirus-strain-detected-in-india",
      "urlToImage": "https://thehill.com/sites/default/files/indiacoronavirus_032421getty.jpg",
      "publishedAt": "2021-03-24T18:59:09Z",
      "content": "A new coronavirus strain has been detected in India, the nation's health ministry announced on Wednesday, but officials have not yet determined if the variant is contributing to a surge of cases in t… [+1764 chars]"
    },
    {
      "source": {
        "id": null,
        "name": "NPR"
      },
      "author": "Rachel Treisman",
      "description": "The Event Horizon Telescope project, which produced the world's first image of a black hole in 2019 in the M87 galaxy, unveiled a new view of its magnetic fields as captured by polarized light.",
      "url": "https://www.npr.org/2021/03/24/980896706/stunning-new-image-of-black-hole-reveals-surrounding-magnetic-fields",
      "urlToImage": "https://media.npr.org/assets/img/2021/03/24/black-hole_wide-9e71068489f46bf5fad165a35cfa0be937b0e968.jpg?s=1400",
      "publishedAt": "2021-03-24T21:05:34Z",
      "content": "The Event Horizon Telescope collaboration, which released the world's first image of a black hole in 2019, unveiled a new view on Wednesday showing how the object at the center of the M87 galaxy look… [+4196 chars]"
    }
  ]
}
JSONObject["status"] not found.
Oct 30, 2024 3:05:29 PM CustomNewsAPI.Core.Parsers.APIParser lambda$0
SEVERE: Caught a JSONException while parsing.
{
  "status": "ok",
  "totalResults": 3,
  "articles": [
    {
      "source": {
        "id": "nbc-news",
        "name": "NBC News"
      },
      "author": "David K. Li, The Associated Press",
      "title": "NHL fires referee Tim Peel after hot mic captures him saying he 'wanted to' call penalty - NBC News",
      "description": "NHL ices referee Tim Peel after hot mic captures odd, f-bomb comment",
      "url": "https://www.nbcnews.com/news/us-news/nhl-fires-referee-tim-peel-after-hot-mic-captures-him-n1261954",
      "urlToImage": "https://media4.s-nbcnews.com/j/newscms/2021_12/3459282/210324-tim-peel-jm-1401_53a25ae71f2d6a577dbd8be6bf880c4e.nbcnews-fp-1200-630.jpg",
      "publishedAt": "2021-03-24T19:06:32Z",
      "content": "The NHL fired referee Tim Peel on Wednesday after a hot mic captured him boasting about whistling a penalty because he \"wanted to.\"\r\nThe league's action came less than 24 hours after Peel officiated … [+1920 chars]"
    },
    {
      "source": {
        "id": "the-hill",
        "name": "The Hill"
      },
      "author": "Mychael Schnell",
      "title": "New coronavirus strain detected in India | TheHill - The Hill",
      "description": "A new coronavirus strain has been detected in India, the ...",
      "url": "https://thehill.com/homenews/news/544754-new-coronavirus-strain-detected-in-india",
      "urlToImage": "https://thehill.com/sites/default/files/indiacoronavirus_032421getty.jpg",
      "publishedAt": "2021-03-24T18:59:09Z",
      "content": "A new coronavirus strain has been detected in India, the nation's health ministry announced on Wednesday, but officials have not yet determined if the variant is contributing to a surge of cases in t… [+1764 chars]"
    },
    {
      "source": {
        "id": null,
        "name": "NPR"
      },
      "author": "Rachel Treisman",
      "description": "The Event Horizon Telescope project, which produced the world's first image of a black hole in 2019 in the M87 galaxy, unveiled a new view of its magnetic fields as captured by polarized light.",
      "url": "https://www.npr.org/2021/03/24/980896706/stunning-new-image-of-black-hole-reveals-surrounding-magnetic-fields",
      "urlToImage": "https://media.npr.org/assets/img/2021/03/24/black-hole_wide-9e71068489f46bf5fad165a35cfa0be937b0e968.jpg?s=1400",
      "publishedAt": "2021-03-24T21:05:34Z",
      "content": "The Event Horizon Telescope collaboration, which released the world's first image of a black hole in 2019, unveiled a new view on Wednesday showing how the object at the center of the M87 galaxy look… [+4196 chars]"
    }
  ]
}
JSONObject["status"] not found.
Oct 30, 2024 3:05:29 PM CustomNewsAPI.Core.Parsers.APIParser lambda$0
SEVERE: Caught a JSONException while parsing.
{
  "status": "ok",
  "totalResults": 3,
  "articles": [
    {
      "source": {
        "id": "nbc-news",
        "name": "NBC News"
      },
      "author": "David K. Li, The Associated Press",
      "description": "NHL ices referee Tim Peel after hot mic captures odd, f-bomb comment",
      "url": "https://www.nbcnews.com/news/us-news/nhl-fires-referee-tim-peel-after-hot-mic-captures-him-n1261954",
      "urlToImage": "https://media4.s-nbcnews.com/j/newscms/2021_12/3459282/210324-tim-peel-jm-1401_53a25ae71f2d6a577dbd8be6bf880c4e.nbcnews-fp-1200-630.jpg",
      "publishedAt": "2021-03-24T19:06:32Z",
      "content": "The NHL fired referee Tim Peel on Wednesday after a hot mic captured him boasting about whistling a penalty because he \"wanted to.\"\r\nThe league's action came less than 24 hours after Peel officiated … [+1920 chars]"
    },
    {
      "source": {
        "id": "the-hill",
        "name": "The Hill"
      },
      "author": "Mychael Schnell",
      "description": "A new coronavirus strain has been detected in India, the ...",
      "url": "https://thehill.com/homenews/news/544754-new-coronavirus-strain-detected-in-india",
      "urlToImage": "https://thehill.com/sites/default/files/indiacoronavirus_032421getty.jpg",
      "publishedAt": "2021-03-24T18:59:09Z",
      "content": "A new coronavirus strain has been detected in India, the nation's health ministry announced on Wednesday, but officials have not yet determined if the variant is contributing to a surge of cases in t… [+1764 chars]"
    },
    {
      "source": {
        "id": null,
        "name": "NPR"
      },
      "author": "Rachel Treisman",
      "description": "The Event Horizon Telescope project, which produced the world's first image of a black hole in 2019 in the M87 galaxy, unveiled a new view of its magnetic fields as captured by polarized light.",
      "url": "https://www.npr.org/2021/03/24/980896706/stunning-new-image-of-black-hole-reveals-surrounding-magnetic-fields",
      "urlToImage": "https://media.npr.org/assets/img/2021/03/24/black-hole_wide-9e71068489f46bf5fad165a35cfa0be937b0e968.jpg?s=1400",
      "publishedAt": "2021-03-24T21:05:34Z",
      "content": "The Event Horizon Telescope collaboration, which released the world's first image of a black hole in 2019, unveiled a new view on Wednesday showing how the object at the center of the M87 galaxy look… [+4196 chars]"
    }
  ]
}
JSONObject["status"] not found.
]]></system-err>
  </testcase>
  <testcase name="testParse_AllValidArticles" classname="CoreTests.ParserTests.BasicParserTests" time="0.008">
    <error message="Index 0 out of bounds for length 0" type="java.lang.IndexOutOfBoundsException"><![CDATA[java.lang.IndexOutOfBoundsException: Index 0 out of bounds for length 0
	at java.base/jdk.internal.util.Preconditions.outOfBounds(Preconditions.java:100)
	at java.base/jdk.internal.util.Preconditions.outOfBoundsCheckIndex(Preconditions.java:106)
	at java.base/jdk.internal.util.Preconditions.checkIndex(Preconditions.java:302)
	at java.base/java.util.Objects.checkIndex(Objects.java:365)
	at java.base/java.util.ArrayList.get(ArrayList.java:428)
	at CoreTests.ParserTests.BasicParserTests.testParse_AllValidArticles(BasicParserTests.java:45)
	at java.base/java.lang.reflect.Method.invoke(Method.java:580)
	at java.base/java.util.ArrayList.forEach(ArrayList.java:1597)
	at java.base/java.util.ArrayList.forEach(ArrayList.java:1597)
]]></error>
    <system-err><![CDATA[Oct 30, 2024 3:05:29 PM CustomNewsAPI.Core.Parsers.APIParser lambda$0
SEVERE: Caught a JSONException while parsing.
{
  "status": "ok",
  "totalResults": 3,
  "articles": [
    {
      "source": {
        "id": "nbc-news",
        "name": "NBC News"
      },
      "author": "David K. Li, The Associated Press",
      "title": "NHL fires referee Tim Peel after hot mic captures him saying he 'wanted to' call penalty - NBC News",
      "description": "NHL ices referee Tim Peel after hot mic captures odd, f-bomb comment",
      "url": "https://www.nbcnews.com/news/us-news/nhl-fires-referee-tim-peel-after-hot-mic-captures-him-n1261954",
      "urlToImage": "https://media4.s-nbcnews.com/j/newscms/2021_12/3459282/210324-tim-peel-jm-1401_53a25ae71f2d6a577dbd8be6bf880c4e.nbcnews-fp-1200-630.jpg",
      "publishedAt": "2021-03-24T19:06:32Z",
      "content": "The NHL fired referee Tim Peel on Wednesday after a hot mic captured him boasting about whistling a penalty because he \"wanted to.\"\r\nThe league's action came less than 24 hours after Peel officiated … [+1920 chars]"
    },
    {
      "source": {
        "id": "the-hill",
        "name": "The Hill"
      },
      "author": "Mychael Schnell",
      "title": "New coronavirus strain detected in India | TheHill - The Hill",
      "description": "A new coronavirus strain has been detected in India, the ...",
      "url": "https://thehill.com/homenews/news/544754-new-coronavirus-strain-detected-in-india",
      "urlToImage": "https://thehill.com/sites/default/files/indiacoronavirus_032421getty.jpg",
      "publishedAt": "2021-03-24T18:59:09Z",
      "content": "A new coronavirus strain has been detected in India, the nation's health ministry announced on Wednesday, but officials have not yet determined if the variant is contributing to a surge of cases in t… [+1764 chars]"
    },
    {
      "source": {
        "id": null,
        "name": "NPR"
      },
      "author": "Rachel Treisman",
      "title": "Historic Image Of Black Hole In Polarized Light From Event Horizon Telescope - NPR",
      "description": "The Event Horizon Telescope project, which produced the world's first image of a black hole in 2019 in the M87 galaxy, unveiled a new view of its magnetic fields as captured by polarized light.",
      "url": "https://www.npr.org/2021/03/24/980896706/stunning-new-image-of-black-hole-reveals-surrounding-magnetic-fields",
      "urlToImage": "https://media.npr.org/assets/img/2021/03/24/black-hole_wide-9e71068489f46bf5fad165a35cfa0be937b0e968.jpg?s=1400",
      "publishedAt": "2021-03-24T21:05:34Z",
      "content": "The Event Horizon Telescope collaboration, which released the world's first image of a black hole in 2019, unveiled a new view on Wednesday showing how the object at the center of the M87 galaxy look… [+4196 chars]"
    }
  ]
}
JSONObject["status"] not found.
]]></system-err>
  </testcase>
  <testcase name="testParse_MultipleAllValidCollections" classname="CoreTests.ParserTests.BasicParserTests" time="0.034">
    <failure message="expected: &lt;[]&gt; but was: &lt;[Collection {status= ok&#10;totalResults= 3&#10;articles= [Title: NHL fires referee Tim Peel after hot mic captures him saying he &apos;wanted to&apos; call penalty - NBC News&#10;Description: NHL ices referee Tim Peel after hot mic captures odd, f-bomb comment&#10;Date Published: Wed Mar 24 12:06:32 PDT 2021&#10;Source Link: https://www.nbcnews.com/news/us-news/nhl-fires-referee-tim-peel-after-hot-mic-captures-him-n1261954&#10;, Title: New coronavirus strain detected in India | TheHill - The Hill&#10;Description: A new coronavirus strain has been detected in India, the ...&#10;Date Published: Wed Mar 24 11:59:09 PDT 2021&#10;Source Link: https://thehill.com/homenews/news/544754-new-coronavirus-strain-detected-in-india&#10;, Title: Historic Image Of Black Hole In Polarized Light From Event Horizon Telescope - NPR&#10;Description: The Event Horizon Telescope project, which produced the world&apos;s first image of a black hole in 2019 in the M87 galaxy, unveiled a new view of its magnetic fields as captured by polarized light.&#10;Date Published: Wed Mar 24 14:05:34 PDT 2021&#10;Source Link: https://www.npr.org/2021/03/24/980896706/stunning-new-image-of-black-hole-reveals-surrounding-magnetic-fields&#10;]&#10;validArticles= [Title: NHL fires referee Tim Peel after hot mic captures him saying he &apos;wanted to&apos; call penalty - NBC News&#10;Description: NHL ices referee Tim Peel after hot mic captures odd, f-bomb comment&#10;Date Published: Wed Mar 24 12:06:32 PDT 2021&#10;Source Link: https://www.nbcnews.com/news/us-news/nhl-fires-referee-tim-peel-after-hot-mic-captures-him-n1261954&#10;, Title: New coronavirus strain detected in India | TheHill - The Hill&#10;Description: A new coronavirus strain has been detected in India, the ...&#10;Date Published: Wed Mar 24 11:59:09 PDT 2021&#10;Source Link: https://thehill.com/homenews/news/544754-new-coronavirus-strain-detected-in-india&#10;, Title: Historic Image Of Black Hole In Polarized Light From Event Horizon Telescope - NPR&#10;Description: The Event Horizon Telescope project, which produced the world&apos;s first image of a black hole in 2019 in the M87 galaxy, unveiled a new view of its magnetic fields as captured by polarized light.&#10;Date Published: Wed Mar 24 14:05:34 PDT 2021&#10;Source Link: https://www.npr.org/2021/03/24/980896706/stunning-new-image-of-black-hole-reveals-surrounding-magnetic-fields&#10;]&#10;invalidArticles= []}, Collection {status= ok&#10;totalResults= 3&#10;articles= [Title: NHL fires referee Tim Peel after hot mic captures him saying he &apos;wanted to&apos; call penalty - NBC News&#10;Description: NHL ices referee Tim Peel after hot mic captures odd, f-bomb comment&#10;Date Published: Wed Mar 24 12:06:32 PDT 2021&#10;Source Link: https://www.nbcnews.com/news/us-news/nhl-fires-referee-tim-peel-after-hot-mic-captures-him-n1261954&#10;, Title: New coronavirus strain detected in India | TheHill - The Hill&#10;Description: A new coronavirus strain has been detected in India, the ...&#10;Date Published: Wed Mar 24 11:59:09 PDT 2021&#10;Source Link: https://thehill.com/homenews/news/544754-new-coronavirus-strain-detected-in-india&#10;, Title: Historic Image Of Black Hole In Polarized Light From Event Horizon Telescope - NPR&#10;Description: The Event Horizon Telescope project, which produced the world&apos;s first image of a black hole in 2019 in the M87 galaxy, unveiled a new view of its magnetic fields as captured by polarized light.&#10;Date Published: Wed Mar 24 14:05:34 PDT 2021&#10;Source Link: https://www.npr.org/2021/03/24/980896706/stunning-new-image-of-black-hole-reveals-surrounding-magnetic-fields&#10;]&#10;validArticles= [Title: NHL fires referee Tim Peel after hot mic captures him saying he &apos;wanted to&apos; call penalty - NBC News&#10;Description: NHL ices referee Tim Peel after hot mic captures odd, f-bomb comment&#10;Date Published: Wed Mar 24 12:06:32 PDT 2021&#10;Source Link: https://www.nbcnews.com/news/us-news/nhl-fires-referee-tim-peel-after-hot-mic-captures-him-n1261954&#10;, Title: New coronavirus strain detected in India | TheHill - The Hill&#10;Description: A new coronavirus strain has been detected in India, the ...&#10;Date Published: Wed Mar 24 11:59:09 PDT 2021&#10;Source Link: https://thehill.com/homenews/news/544754-new-coronavirus-strain-detected-in-india&#10;, Title: Historic Image Of Black Hole In Polarized Light From Event Horizon Telescope - NPR&#10;Description: The Event Horizon Telescope project, which produced the world&apos;s first image of a black hole in 2019 in the M87 galaxy, unveiled a new view of its magnetic fields as captured by polarized light.&#10;Date Published: Wed Mar 24 14:05:34 PDT 2021&#10;Source Link: https://www.npr.org/2021/03/24/980896706/stunning-new-image-of-black-hole-reveals-surrounding-magnetic-fields&#10;]&#10;invalidArticles= []}, Collection {status= ok&#10;totalResults= 3&#10;articles= [Title: NHL fires referee Tim Peel after hot mic captures him saying he &apos;wanted to&apos; call penalty - NBC News&#10;Description: NHL ices referee Tim Peel after hot mic captures odd, f-bomb comment&#10;Date Published: Wed Mar 24 12:06:32 PDT 2021&#10;Source Link: https://www.nbcnews.com/news/us-news/nhl-fires-referee-tim-peel-after-hot-mic-captures-him-n1261954&#10;, Title: New coronavirus strain detected in India | TheHill - The Hill&#10;Description: A new coronavirus strain has been detected in India, the ...&#10;Date Published: Wed Mar 24 11:59:09 PDT 2021&#10;Source Link: https://thehill.com/homenews/news/544754-new-coronavirus-strain-detected-in-india&#10;, Title: Historic Image Of Black Hole In Polarized Light From Event Horizon Telescope - NPR&#10;Description: The Event Horizon Telescope project, which produced the world&apos;s first image of a black hole in 2019 in the M87 galaxy, unveiled a new view of its magnetic fields as captured by polarized light.&#10;Date Published: Wed Mar 24 14:05:34 PDT 2021&#10;Source Link: https://www.npr.org/2021/03/24/980896706/stunning-new-image-of-black-hole-reveals-surrounding-magnetic-fields&#10;]&#10;validArticles= [Title: NHL fires referee Tim Peel after hot mic captures him saying he &apos;wanted to&apos; call penalty - NBC News&#10;Description: NHL ices referee Tim Peel after hot mic captures odd, f-bomb comment&#10;Date Published: Wed Mar 24 12:06:32 PDT 2021&#10;Source Link: https://www.nbcnews.com/news/us-news/nhl-fires-referee-tim-peel-after-hot-mic-captures-him-n1261954&#10;, Title: New coronavirus strain detected in India | TheHill - The Hill&#10;Description: A new coronavirus strain has been detected in India, the ...&#10;Date Published: Wed Mar 24 11:59:09 PDT 2021&#10;Source Link: https://thehill.com/homenews/news/544754-new-coronavirus-strain-detected-in-india&#10;, Title: Historic Image Of Black Hole In Polarized Light From Event Horizon Telescope - NPR&#10;Description: The Event Horizon Telescope project, which produced the world&apos;s first image of a black hole in 2019 in the M87 galaxy, unveiled a new view of its magnetic fields as captured by polarized light.&#10;Date Published: Wed Mar 24 14:05:34 PDT 2021&#10;Source Link: https://www.npr.org/2021/03/24/980896706/stunning-new-image-of-black-hole-reveals-surrounding-magnetic-fields&#10;]&#10;invalidArticles= []}]&gt;" type="org.opentest4j.AssertionFailedError"><![CDATA[org.opentest4j.AssertionFailedError: 
expected: <[]> but was: <[Collection {status= ok
totalResults= 3
articles= [Title: NHL fires referee Tim Peel after hot mic captures him saying he 'wanted to' call penalty - NBC News
Description: NHL ices referee Tim Peel after hot mic captures odd, f-bomb comment
Date Published: Wed Mar 24 12:06:32 PDT 2021
Source Link: https://www.nbcnews.com/news/us-news/nhl-fires-referee-tim-peel-after-hot-mic-captures-him-n1261954
, Title: New coronavirus strain detected in India | TheHill - The Hill
Description: A new coronavirus strain has been detected in India, the ...
Date Published: Wed Mar 24 11:59:09 PDT 2021
Source Link: https://thehill.com/homenews/news/544754-new-coronavirus-strain-detected-in-india
, Title: Historic Image Of Black Hole In Polarized Light From Event Horizon Telescope - NPR
Description: The Event Horizon Telescope project, which produced the world's first image of a black hole in 2019 in the M87 galaxy, unveiled a new view of its magnetic fields as captured by polarized light.
Date Published: Wed Mar 24 14:05:34 PDT 2021
Source Link: https://www.npr.org/2021/03/24/980896706/stunning-new-image-of-black-hole-reveals-surrounding-magnetic-fields
]
validArticles= [Title: NHL fires referee Tim Peel after hot mic captures him saying he 'wanted to' call penalty - NBC News
Description: NHL ices referee Tim Peel after hot mic captures odd, f-bomb comment
Date Published: Wed Mar 24 12:06:32 PDT 2021
Source Link: https://www.nbcnews.com/news/us-news/nhl-fires-referee-tim-peel-after-hot-mic-captures-him-n1261954
, Title: New coronavirus strain detected in India | TheHill - The Hill
Description: A new coronavirus strain has been detected in India, the ...
Date Published: Wed Mar 24 11:59:09 PDT 2021
Source Link: https://thehill.com/homenews/news/544754-new-coronavirus-strain-detected-in-india
, Title: Historic Image Of Black Hole In Polarized Light From Event Horizon Telescope - NPR
Description: The Event Horizon Telescope project, which produced the world's first image of a black hole in 2019 in the M87 galaxy, unveiled a new view of its magnetic fields as captured by polarized light.
Date Published: Wed Mar 24 14:05:34 PDT 2021
Source Link: https://www.npr.org/2021/03/24/980896706/stunning-new-image-of-black-hole-reveals-surrounding-magnetic-fields
]
invalidArticles= []}, Collection {status= ok
totalResults= 3
articles= [Title: NHL fires referee Tim Peel after hot mic captures him saying he 'wanted to' call penalty - NBC News
Description: NHL ices referee Tim Peel after hot mic captures odd, f-bomb comment
Date Published: Wed Mar 24 12:06:32 PDT 2021
Source Link: https://www.nbcnews.com/news/us-news/nhl-fires-referee-tim-peel-after-hot-mic-captures-him-n1261954
, Title: New coronavirus strain detected in India | TheHill - The Hill
Description: A new coronavirus strain has been detected in India, the ...
Date Published: Wed Mar 24 11:59:09 PDT 2021
Source Link: https://thehill.com/homenews/news/544754-new-coronavirus-strain-detected-in-india
, Title: Historic Image Of Black Hole In Polarized Light From Event Horizon Telescope - NPR
Description: The Event Horizon Telescope project, which produced the world's first image of a black hole in 2019 in the M87 galaxy, unveiled a new view of its magnetic fields as captured by polarized light.
Date Published: Wed Mar 24 14:05:34 PDT 2021
Source Link: https://www.npr.org/2021/03/24/980896706/stunning-new-image-of-black-hole-reveals-surrounding-magnetic-fields
]
validArticles= [Title: NHL fires referee Tim Peel after hot mic captures him saying he 'wanted to' call penalty - NBC News
Description: NHL ices referee Tim Peel after hot mic captures odd, f-bomb comment
Date Published: Wed Mar 24 12:06:32 PDT 2021
Source Link: https://www.nbcnews.com/news/us-news/nhl-fires-referee-tim-peel-after-hot-mic-captures-him-n1261954
, Title: New coronavirus strain detected in India | TheHill - The Hill
Description: A new coronavirus strain has been detected in India, the ...
Date Published: Wed Mar 24 11:59:09 PDT 2021
Source Link: https://thehill.com/homenews/news/544754-new-coronavirus-strain-detected-in-india
, Title: Historic Image Of Black Hole In Polarized Light From Event Horizon Telescope - NPR
Description: The Event Horizon Telescope project, which produced the world's first image of a black hole in 2019 in the M87 galaxy, unveiled a new view of its magnetic fields as captured by polarized light.
Date Published: Wed Mar 24 14:05:34 PDT 2021
Source Link: https://www.npr.org/2021/03/24/980896706/stunning-new-image-of-black-hole-reveals-surrounding-magnetic-fields
]
invalidArticles= []}, Collection {status= ok
totalResults= 3
articles= [Title: NHL fires referee Tim Peel after hot mic captures him saying he 'wanted to' call penalty - NBC News
Description: NHL ices referee Tim Peel after hot mic captures odd, f-bomb comment
Date Published: Wed Mar 24 12:06:32 PDT 2021
Source Link: https://www.nbcnews.com/news/us-news/nhl-fires-referee-tim-peel-after-hot-mic-captures-him-n1261954
, Title: New coronavirus strain detected in India | TheHill - The Hill
Description: A new coronavirus strain has been detected in India, the ...
Date Published: Wed Mar 24 11:59:09 PDT 2021
Source Link: https://thehill.com/homenews/news/544754-new-coronavirus-strain-detected-in-india
, Title: Historic Image Of Black Hole In Polarized Light From Event Horizon Telescope - NPR
Description: The Event Horizon Telescope project, which produced the world's first image of a black hole in 2019 in the M87 galaxy, unveiled a new view of its magnetic fields as captured by polarized light.
Date Published: Wed Mar 24 14:05:34 PDT 2021
Source Link: https://www.npr.org/2021/03/24/980896706/stunning-new-image-of-black-hole-reveals-surrounding-magnetic-fields
]
validArticles= [Title: NHL fires referee Tim Peel after hot mic captures him saying he 'wanted to' call penalty - NBC News
Description: NHL ices referee Tim Peel after hot mic captures odd, f-bomb comment
Date Published: Wed Mar 24 12:06:32 PDT 2021
Source Link: https://www.nbcnews.com/news/us-news/nhl-fires-referee-tim-peel-after-hot-mic-captures-him-n1261954
, Title: New coronavirus strain detected in India | TheHill - The Hill
Description: A new coronavirus strain has been detected in India, the ...
Date Published: Wed Mar 24 11:59:09 PDT 2021
Source Link: https://thehill.com/homenews/news/544754-new-coronavirus-strain-detected-in-india
, Title: Historic Image Of Black Hole In Polarized Light From Event Horizon Telescope - NPR
Description: The Event Horizon Telescope project, which produced the world's first image of a black hole in 2019 in the M87 galaxy, unveiled a new view of its magnetic fields as captured by polarized light.
Date Published: Wed Mar 24 14:05:34 PDT 2021
Source Link: https://www.npr.org/2021/03/24/980896706/stunning-new-image-of-black-hole-reveals-surrounding-magnetic-fields
]
invalidArticles= []}]>
	at org.junit.jupiter.api.AssertionFailureBuilder.build(AssertionFailureBuilder.java:151)
	at org.junit.jupiter.api.AssertionFailureBuilder.buildAndThrow(AssertionFailureBuilder.java:132)
	at org.junit.jupiter.api.AssertEquals.failNotEqual(AssertEquals.java:197)
	at org.junit.jupiter.api.AssertEquals.assertEquals(AssertEquals.java:182)
	at org.junit.jupiter.api.AssertEquals.assertEquals(AssertEquals.java:177)
	at org.junit.jupiter.api.Assertions.assertEquals(Assertions.java:1145)
	at CoreTests.ParserTests.BasicParserTests.testParse_MultipleAllValidCollections(BasicParserTests.java:127)
	at java.base/java.lang.reflect.Method.invoke(Method.java:580)
	at java.base/java.util.ArrayList.forEach(ArrayList.java:1597)
	at java.base/java.util.ArrayList.forEach(ArrayList.java:1597)
]]></failure>
    <system-err><![CDATA[Oct 30, 2024 3:05:29 PM CustomNewsAPI.Core.Parsers.APIParser lambda$0
SEVERE: Caught a JSONException while parsing.
{
  "status": "ok",
  "totalResults": 3,
  "articles": [
    {
      "source": {
        "id": "nbc-news",
        "name": "NBC News"
      },
      "author": "David K. Li, The Associated Press",
      "title": "NHL fires referee Tim Peel after hot mic captures him saying he 'wanted to' call penalty - NBC News",
      "description": "NHL ices referee Tim Peel after hot mic captures odd, f-bomb comment",
      "url": "https://www.nbcnews.com/news/us-news/nhl-fires-referee-tim-peel-after-hot-mic-captures-him-n1261954",
      "urlToImage": "https://media4.s-nbcnews.com/j/newscms/2021_12/3459282/210324-tim-peel-jm-1401_53a25ae71f2d6a577dbd8be6bf880c4e.nbcnews-fp-1200-630.jpg",
      "publishedAt": "2021-03-24T19:06:32Z",
      "content": "The NHL fired referee Tim Peel on Wednesday after a hot mic captured him boasting about whistling a penalty because he \"wanted to.\"\r\nThe league's action came less than 24 hours after Peel officiated … [+1920 chars]"
    },
    {
      "source": {
        "id": "the-hill",
        "name": "The Hill"
      },
      "author": "Mychael Schnell",
      "title": "New coronavirus strain detected in India | TheHill - The Hill",
      "description": "A new coronavirus strain has been detected in India, the ...",
      "url": "https://thehill.com/homenews/news/544754-new-coronavirus-strain-detected-in-india",
      "urlToImage": "https://thehill.com/sites/default/files/indiacoronavirus_032421getty.jpg",
      "publishedAt": "2021-03-24T18:59:09Z",
      "content": "A new coronavirus strain has been detected in India, the nation's health ministry announced on Wednesday, but officials have not yet determined if the variant is contributing to a surge of cases in t… [+1764 chars]"
    },
    {
      "source": {
        "id": null,
        "name": "NPR"
      },
      "author": "Rachel Treisman",
      "title": "Historic Image Of Black Hole In Polarized Light From Event Horizon Telescope - NPR",
      "description": "The Event Horizon Telescope project, which produced the world's first image of a black hole in 2019 in the M87 galaxy, unveiled a new view of its magnetic fields as captured by polarized light.",
      "url": "https://www.npr.org/2021/03/24/980896706/stunning-new-image-of-black-hole-reveals-surrounding-magnetic-fields",
      "urlToImage": "https://media.npr.org/assets/img/2021/03/24/black-hole_wide-9e71068489f46bf5fad165a35cfa0be937b0e968.jpg?s=1400",
      "publishedAt": "2021-03-24T21:05:34Z",
      "content": "The Event Horizon Telescope collaboration, which released the world's first image of a black hole in 2019, unveiled a new view on Wednesday showing how the object at the center of the M87 galaxy look… [+4196 chars]"
    }
  ]
}
JSONObject["status"] not found.
Oct 30, 2024 3:05:30 PM CustomNewsAPI.Core.Parsers.APIParser lambda$0
SEVERE: Caught a JSONException while parsing.
{
  "status": "ok",
  "totalResults": 3,
  "articles": [
    {
      "source": {
        "id": "nbc-news",
        "name": "NBC News"
      },
      "author": "David K. Li, The Associated Press",
      "title": "NHL fires referee Tim Peel after hot mic captures him saying he 'wanted to' call penalty - NBC News",
      "description": "NHL ices referee Tim Peel after hot mic captures odd, f-bomb comment",
      "url": "https://www.nbcnews.com/news/us-news/nhl-fires-referee-tim-peel-after-hot-mic-captures-him-n1261954",
      "urlToImage": "https://media4.s-nbcnews.com/j/newscms/2021_12/3459282/210324-tim-peel-jm-1401_53a25ae71f2d6a577dbd8be6bf880c4e.nbcnews-fp-1200-630.jpg",
      "publishedAt": "2021-03-24T19:06:32Z",
      "content": "The NHL fired referee Tim Peel on Wednesday after a hot mic captured him boasting about whistling a penalty because he \"wanted to.\"\r\nThe league's action came less than 24 hours after Peel officiated … [+1920 chars]"
    },
    {
      "source": {
        "id": "the-hill",
        "name": "The Hill"
      },
      "author": "Mychael Schnell",
      "title": "New coronavirus strain detected in India | TheHill - The Hill",
      "description": "A new coronavirus strain has been detected in India, the ...",
      "url": "https://thehill.com/homenews/news/544754-new-coronavirus-strain-detected-in-india",
      "urlToImage": "https://thehill.com/sites/default/files/indiacoronavirus_032421getty.jpg",
      "publishedAt": "2021-03-24T18:59:09Z",
      "content": "A new coronavirus strain has been detected in India, the nation's health ministry announced on Wednesday, but officials have not yet determined if the variant is contributing to a surge of cases in t… [+1764 chars]"
    },
    {
      "source": {
        "id": null,
        "name": "NPR"
      },
      "author": "Rachel Treisman",
      "title": "Historic Image Of Black Hole In Polarized Light From Event Horizon Telescope - NPR",
      "description": "The Event Horizon Telescope project, which produced the world's first image of a black hole in 2019 in the M87 galaxy, unveiled a new view of its magnetic fields as captured by polarized light.",
      "url": "https://www.npr.org/2021/03/24/980896706/stunning-new-image-of-black-hole-reveals-surrounding-magnetic-fields",
      "urlToImage": "https://media.npr.org/assets/img/2021/03/24/black-hole_wide-9e71068489f46bf5fad165a35cfa0be937b0e968.jpg?s=1400",
      "publishedAt": "2021-03-24T21:05:34Z",
      "content": "The Event Horizon Telescope collaboration, which released the world's first image of a black hole in 2019, unveiled a new view on Wednesday showing how the object at the center of the M87 galaxy look… [+4196 chars]"
    }
  ]
}
JSONObject["status"] not found.
Oct 30, 2024 3:05:30 PM CustomNewsAPI.Core.Parsers.APIParser lambda$0
SEVERE: Caught a JSONException while parsing.
{
  "status": "ok",
  "totalResults": 3,
  "articles": [
    {
      "source": {
        "id": "nbc-news",
        "name": "NBC News"
      },
      "author": "David K. Li, The Associated Press",
      "title": "NHL fires referee Tim Peel after hot mic captures him saying he 'wanted to' call penalty - NBC News",
      "description": "NHL ices referee Tim Peel after hot mic captures odd, f-bomb comment",
      "url": "https://www.nbcnews.com/news/us-news/nhl-fires-referee-tim-peel-after-hot-mic-captures-him-n1261954",
      "urlToImage": "https://media4.s-nbcnews.com/j/newscms/2021_12/3459282/210324-tim-peel-jm-1401_53a25ae71f2d6a577dbd8be6bf880c4e.nbcnews-fp-1200-630.jpg",
      "publishedAt": "2021-03-24T19:06:32Z",
      "content": "The NHL fired referee Tim Peel on Wednesday after a hot mic captured him boasting about whistling a penalty because he \"wanted to.\"\r\nThe league's action came less than 24 hours after Peel officiated … [+1920 chars]"
    },
    {
      "source": {
        "id": "the-hill",
        "name": "The Hill"
      },
      "author": "Mychael Schnell",
      "title": "New coronavirus strain detected in India | TheHill - The Hill",
      "description": "A new coronavirus strain has been detected in India, the ...",
      "url": "https://thehill.com/homenews/news/544754-new-coronavirus-strain-detected-in-india",
      "urlToImage": "https://thehill.com/sites/default/files/indiacoronavirus_032421getty.jpg",
      "publishedAt": "2021-03-24T18:59:09Z",
      "content": "A new coronavirus strain has been detected in India, the nation's health ministry announced on Wednesday, but officials have not yet determined if the variant is contributing to a surge of cases in t… [+1764 chars]"
    },
    {
      "source": {
        "id": null,
        "name": "NPR"
      },
      "author": "Rachel Treisman",
      "title": "Historic Image Of Black Hole In Polarized Light From Event Horizon Telescope - NPR",
      "description": "The Event Horizon Telescope project, which produced the world's first image of a black hole in 2019 in the M87 galaxy, unveiled a new view of its magnetic fields as captured by polarized light.",
      "url": "https://www.npr.org/2021/03/24/980896706/stunning-new-image-of-black-hole-reveals-surrounding-magnetic-fields",
      "urlToImage": "https://media.npr.org/assets/img/2021/03/24/black-hole_wide-9e71068489f46bf5fad165a35cfa0be937b0e968.jpg?s=1400",
      "publishedAt": "2021-03-24T21:05:34Z",
      "content": "The Event Horizon Telescope collaboration, which released the world's first image of a black hole in 2019, unveiled a new view on Wednesday showing how the object at the center of the M87 galaxy look… [+4196 chars]"
    }
  ]
}
JSONObject["status"] not found.
]]></system-err>
  </testcase>
  <testcase name="testParse_AllInvalidArticles" classname="CoreTests.ParserTests.BasicParserTests" time="0.007">
    <error message="Index 0 out of bounds for length 0" type="java.lang.IndexOutOfBoundsException"><![CDATA[java.lang.IndexOutOfBoundsException: Index 0 out of bounds for length 0
	at java.base/jdk.internal.util.Preconditions.outOfBounds(Preconditions.java:100)
	at java.base/jdk.internal.util.Preconditions.outOfBoundsCheckIndex(Preconditions.java:106)
	at java.base/jdk.internal.util.Preconditions.checkIndex(Preconditions.java:302)
	at java.base/java.util.Objects.checkIndex(Objects.java:365)
	at java.base/java.util.ArrayList.get(ArrayList.java:428)
	at CoreTests.ParserTests.BasicParserTests.testParse_AllInvalidArticles(BasicParserTests.java:73)
	at java.base/java.lang.reflect.Method.invoke(Method.java:580)
	at java.base/java.util.ArrayList.forEach(ArrayList.java:1597)
	at java.base/java.util.ArrayList.forEach(ArrayList.java:1597)
]]></error>
    <system-err><![CDATA[Oct 30, 2024 3:05:30 PM CustomNewsAPI.Core.Parsers.APIParser lambda$0
SEVERE: Caught a JSONException while parsing.
{
  "status": "ok",
  "totalResults": 3,
  "articles": [
    {
      "source": {
        "id": "nbc-news",
        "name": "NBC News"
      },
      "author": "David K. Li, The Associated Press",
      "description": "NHL ices referee Tim Peel after hot mic captures odd, f-bomb comment",
      "url": "https://www.nbcnews.com/news/us-news/nhl-fires-referee-tim-peel-after-hot-mic-captures-him-n1261954",
      "urlToImage": "https://media4.s-nbcnews.com/j/newscms/2021_12/3459282/210324-tim-peel-jm-1401_53a25ae71f2d6a577dbd8be6bf880c4e.nbcnews-fp-1200-630.jpg",
      "publishedAt": "2021-03-24T19:06:32Z",
      "content": "The NHL fired referee Tim Peel on Wednesday after a hot mic captured him boasting about whistling a penalty because he \"wanted to.\"\r\nThe league's action came less than 24 hours after Peel officiated … [+1920 chars]"
    },
    {
      "source": {
        "id": "the-hill",
        "name": "The Hill"
      },
      "author": "Mychael Schnell",
      "description": "A new coronavirus strain has been detected in India, the ...",
      "url": "https://thehill.com/homenews/news/544754-new-coronavirus-strain-detected-in-india",
      "urlToImage": "https://thehill.com/sites/default/files/indiacoronavirus_032421getty.jpg",
      "publishedAt": "2021-03-24T18:59:09Z",
      "content": "A new coronavirus strain has been detected in India, the nation's health ministry announced on Wednesday, but officials have not yet determined if the variant is contributing to a surge of cases in t… [+1764 chars]"
    },
    {
      "source": {
        "id": null,
        "name": "NPR"
      },
      "author": "Rachel Treisman",
      "description": "The Event Horizon Telescope project, which produced the world's first image of a black hole in 2019 in the M87 galaxy, unveiled a new view of its magnetic fields as captured by polarized light.",
      "url": "https://www.npr.org/2021/03/24/980896706/stunning-new-image-of-black-hole-reveals-surrounding-magnetic-fields",
      "urlToImage": "https://media.npr.org/assets/img/2021/03/24/black-hole_wide-9e71068489f46bf5fad165a35cfa0be937b0e968.jpg?s=1400",
      "publishedAt": "2021-03-24T21:05:34Z",
      "content": "The Event Horizon Telescope collaboration, which released the world's first image of a black hole in 2019, unveiled a new view on Wednesday showing how the object at the center of the M87 galaxy look… [+4196 chars]"
    }
  ]
}
JSONObject["status"] not found.
]]></system-err>
  </testcase>
  <testcase name="testParse_MultipleMixedCollections" classname="CoreTests.ParserTests.BasicParserTests" time="0.018">
    <failure message="expected: &lt;[]&gt; but was: &lt;[Collection {status= ok&#10;totalResults= 3&#10;articles= [Title: NHL fires referee Tim Peel after hot mic captures him saying he &apos;wanted to&apos; call penalty - NBC News&#10;Description: NHL ices referee Tim Peel after hot mic captures odd, f-bomb comment&#10;Date Published: Wed Mar 24 12:06:32 PDT 2021&#10;Source Link: https://www.nbcnews.com/news/us-news/nhl-fires-referee-tim-peel-after-hot-mic-captures-him-n1261954&#10;, Title: New coronavirus strain detected in India | TheHill - The Hill&#10;Description: A new coronavirus strain has been detected in India, the ...&#10;Date Published: Wed Mar 24 11:59:09 PDT 2021&#10;Source Link: https://thehill.com/homenews/news/544754-new-coronavirus-strain-detected-in-india&#10;, Title: null&#10;Description: The Event Horizon Telescope project, which produced the world&apos;s first image of a black hole in 2019 in the M87 galaxy, unveiled a new view of its magnetic fields as captured by polarized light.&#10;Date Published: Wed Mar 24 14:05:34 PDT 2021&#10;Source Link: https://www.npr.org/2021/03/24/980896706/stunning-new-image-of-black-hole-reveals-surrounding-magnetic-fields&#10;]&#10;validArticles= [Title: NHL fires referee Tim Peel after hot mic captures him saying he &apos;wanted to&apos; call penalty - NBC News&#10;Description: NHL ices referee Tim Peel after hot mic captures odd, f-bomb comment&#10;Date Published: Wed Mar 24 12:06:32 PDT 2021&#10;Source Link: https://www.nbcnews.com/news/us-news/nhl-fires-referee-tim-peel-after-hot-mic-captures-him-n1261954&#10;, Title: New coronavirus strain detected in India | TheHill - The Hill&#10;Description: A new coronavirus strain has been detected in India, the ...&#10;Date Published: Wed Mar 24 11:59:09 PDT 2021&#10;Source Link: https://thehill.com/homenews/news/544754-new-coronavirus-strain-detected-in-india&#10;]&#10;invalidArticles= [Title: null&#10;Description: The Event Horizon Telescope project, which produced the world&apos;s first image of a black hole in 2019 in the M87 galaxy, unveiled a new view of its magnetic fields as captured by polarized light.&#10;Date Published: Wed Mar 24 14:05:34 PDT 2021&#10;Source Link: https://www.npr.org/2021/03/24/980896706/stunning-new-image-of-black-hole-reveals-surrounding-magnetic-fields&#10;]}, Collection {status= ok&#10;totalResults= 3&#10;articles= [Title: NHL fires referee Tim Peel after hot mic captures him saying he &apos;wanted to&apos; call penalty - NBC News&#10;Description: NHL ices referee Tim Peel after hot mic captures odd, f-bomb comment&#10;Date Published: Wed Mar 24 12:06:32 PDT 2021&#10;Source Link: https://www.nbcnews.com/news/us-news/nhl-fires-referee-tim-peel-after-hot-mic-captures-him-n1261954&#10;, Title: New coronavirus strain detected in India | TheHill - The Hill&#10;Description: A new coronavirus strain has been detected in India, the ...&#10;Date Published: Wed Mar 24 11:59:09 PDT 2021&#10;Source Link: https://thehill.com/homenews/news/544754-new-coronavirus-strain-detected-in-india&#10;, Title: null&#10;Description: The Event Horizon Telescope project, which produced the world&apos;s first image of a black hole in 2019 in the M87 galaxy, unveiled a new view of its magnetic fields as captured by polarized light.&#10;Date Published: Wed Mar 24 14:05:34 PDT 2021&#10;Source Link: https://www.npr.org/2021/03/24/980896706/stunning-new-image-of-black-hole-reveals-surrounding-magnetic-fields&#10;]&#10;validArticles= [Title: NHL fires referee Tim Peel after hot mic captures him saying he &apos;wanted to&apos; call penalty - NBC News&#10;Description: NHL ices referee Tim Peel after hot mic captures odd, f-bomb comment&#10;Date Published: Wed Mar 24 12:06:32 PDT 2021&#10;Source Link: https://www.nbcnews.com/news/us-news/nhl-fires-referee-tim-peel-after-hot-mic-captures-him-n1261954&#10;, Title: New coronavirus strain detected in India | TheHill - The Hill&#10;Description: A new coronavirus strain has been detected in India, the ...&#10;Date Published: Wed Mar 24 11:59:09 PDT 2021&#10;Source Link: https://thehill.com/homenews/news/544754-new-coronavirus-strain-detected-in-india&#10;]&#10;invalidArticles= [Title: null&#10;Description: The Event Horizon Telescope project, which produced the world&apos;s first image of a black hole in 2019 in the M87 galaxy, unveiled a new view of its magnetic fields as captured by polarized light.&#10;Date Published: Wed Mar 24 14:05:34 PDT 2021&#10;Source Link: https://www.npr.org/2021/03/24/980896706/stunning-new-image-of-black-hole-reveals-surrounding-magnetic-fields&#10;]}, Collection {status= ok&#10;totalResults= 3&#10;articles= [Title: NHL fires referee Tim Peel after hot mic captures him saying he &apos;wanted to&apos; call penalty - NBC News&#10;Description: NHL ices referee Tim Peel after hot mic captures odd, f-bomb comment&#10;Date Published: Wed Mar 24 12:06:32 PDT 2021&#10;Source Link: https://www.nbcnews.com/news/us-news/nhl-fires-referee-tim-peel-after-hot-mic-captures-him-n1261954&#10;, Title: New coronavirus strain detected in India | TheHill - The Hill&#10;Description: A new coronavirus strain has been detected in India, the ...&#10;Date Published: Wed Mar 24 11:59:09 PDT 2021&#10;Source Link: https://thehill.com/homenews/news/544754-new-coronavirus-strain-detected-in-india&#10;, Title: null&#10;Description: The Event Horizon Telescope project, which produced the world&apos;s first image of a black hole in 2019 in the M87 galaxy, unveiled a new view of its magnetic fields as captured by polarized light.&#10;Date Published: Wed Mar 24 14:05:34 PDT 2021&#10;Source Link: https://www.npr.org/2021/03/24/980896706/stunning-new-image-of-black-hole-reveals-surrounding-magnetic-fields&#10;]&#10;validArticles= [Title: NHL fires referee Tim Peel after hot mic captures him saying he &apos;wanted to&apos; call penalty - NBC News&#10;Description: NHL ices referee Tim Peel after hot mic captures odd, f-bomb comment&#10;Date Published: Wed Mar 24 12:06:32 PDT 2021&#10;Source Link: https://www.nbcnews.com/news/us-news/nhl-fires-referee-tim-peel-after-hot-mic-captures-him-n1261954&#10;, Title: New coronavirus strain detected in India | TheHill - The Hill&#10;Description: A new coronavirus strain has been detected in India, the ...&#10;Date Published: Wed Mar 24 11:59:09 PDT 2021&#10;Source Link: https://thehill.com/homenews/news/544754-new-coronavirus-strain-detected-in-india&#10;]&#10;invalidArticles= [Title: null&#10;Description: The Event Horizon Telescope project, which produced the world&apos;s first image of a black hole in 2019 in the M87 galaxy, unveiled a new view of its magnetic fields as captured by polarized light.&#10;Date Published: Wed Mar 24 14:05:34 PDT 2021&#10;Source Link: https://www.npr.org/2021/03/24/980896706/stunning-new-image-of-black-hole-reveals-surrounding-magnetic-fields&#10;]}]&gt;" type="org.opentest4j.AssertionFailedError"><![CDATA[org.opentest4j.AssertionFailedError: 
expected: <[]> but was: <[Collection {status= ok
totalResults= 3
articles= [Title: NHL fires referee Tim Peel after hot mic captures him saying he 'wanted to' call penalty - NBC News
Description: NHL ices referee Tim Peel after hot mic captures odd, f-bomb comment
Date Published: Wed Mar 24 12:06:32 PDT 2021
Source Link: https://www.nbcnews.com/news/us-news/nhl-fires-referee-tim-peel-after-hot-mic-captures-him-n1261954
, Title: New coronavirus strain detected in India | TheHill - The Hill
Description: A new coronavirus strain has been detected in India, the ...
Date Published: Wed Mar 24 11:59:09 PDT 2021
Source Link: https://thehill.com/homenews/news/544754-new-coronavirus-strain-detected-in-india
, Title: null
Description: The Event Horizon Telescope project, which produced the world's first image of a black hole in 2019 in the M87 galaxy, unveiled a new view of its magnetic fields as captured by polarized light.
Date Published: Wed Mar 24 14:05:34 PDT 2021
Source Link: https://www.npr.org/2021/03/24/980896706/stunning-new-image-of-black-hole-reveals-surrounding-magnetic-fields
]
validArticles= [Title: NHL fires referee Tim Peel after hot mic captures him saying he 'wanted to' call penalty - NBC News
Description: NHL ices referee Tim Peel after hot mic captures odd, f-bomb comment
Date Published: Wed Mar 24 12:06:32 PDT 2021
Source Link: https://www.nbcnews.com/news/us-news/nhl-fires-referee-tim-peel-after-hot-mic-captures-him-n1261954
, Title: New coronavirus strain detected in India | TheHill - The Hill
Description: A new coronavirus strain has been detected in India, the ...
Date Published: Wed Mar 24 11:59:09 PDT 2021
Source Link: https://thehill.com/homenews/news/544754-new-coronavirus-strain-detected-in-india
]
invalidArticles= [Title: null
Description: The Event Horizon Telescope project, which produced the world's first image of a black hole in 2019 in the M87 galaxy, unveiled a new view of its magnetic fields as captured by polarized light.
Date Published: Wed Mar 24 14:05:34 PDT 2021
Source Link: https://www.npr.org/2021/03/24/980896706/stunning-new-image-of-black-hole-reveals-surrounding-magnetic-fields
]}, Collection {status= ok
totalResults= 3
articles= [Title: NHL fires referee Tim Peel after hot mic captures him saying he 'wanted to' call penalty - NBC News
Description: NHL ices referee Tim Peel after hot mic captures odd, f-bomb comment
Date Published: Wed Mar 24 12:06:32 PDT 2021
Source Link: https://www.nbcnews.com/news/us-news/nhl-fires-referee-tim-peel-after-hot-mic-captures-him-n1261954
, Title: New coronavirus strain detected in India | TheHill - The Hill
Description: A new coronavirus strain has been detected in India, the ...
Date Published: Wed Mar 24 11:59:09 PDT 2021
Source Link: https://thehill.com/homenews/news/544754-new-coronavirus-strain-detected-in-india
, Title: null
Description: The Event Horizon Telescope project, which produced the world's first image of a black hole in 2019 in the M87 galaxy, unveiled a new view of its magnetic fields as captured by polarized light.
Date Published: Wed Mar 24 14:05:34 PDT 2021
Source Link: https://www.npr.org/2021/03/24/980896706/stunning-new-image-of-black-hole-reveals-surrounding-magnetic-fields
]
validArticles= [Title: NHL fires referee Tim Peel after hot mic captures him saying he 'wanted to' call penalty - NBC News
Description: NHL ices referee Tim Peel after hot mic captures odd, f-bomb comment
Date Published: Wed Mar 24 12:06:32 PDT 2021
Source Link: https://www.nbcnews.com/news/us-news/nhl-fires-referee-tim-peel-after-hot-mic-captures-him-n1261954
, Title: New coronavirus strain detected in India | TheHill - The Hill
Description: A new coronavirus strain has been detected in India, the ...
Date Published: Wed Mar 24 11:59:09 PDT 2021
Source Link: https://thehill.com/homenews/news/544754-new-coronavirus-strain-detected-in-india
]
invalidArticles= [Title: null
Description: The Event Horizon Telescope project, which produced the world's first image of a black hole in 2019 in the M87 galaxy, unveiled a new view of its magnetic fields as captured by polarized light.
Date Published: Wed Mar 24 14:05:34 PDT 2021
Source Link: https://www.npr.org/2021/03/24/980896706/stunning-new-image-of-black-hole-reveals-surrounding-magnetic-fields
]}, Collection {status= ok
totalResults= 3
articles= [Title: NHL fires referee Tim Peel after hot mic captures him saying he 'wanted to' call penalty - NBC News
Description: NHL ices referee Tim Peel after hot mic captures odd, f-bomb comment
Date Published: Wed Mar 24 12:06:32 PDT 2021
Source Link: https://www.nbcnews.com/news/us-news/nhl-fires-referee-tim-peel-after-hot-mic-captures-him-n1261954
, Title: New coronavirus strain detected in India | TheHill - The Hill
Description: A new coronavirus strain has been detected in India, the ...
Date Published: Wed Mar 24 11:59:09 PDT 2021
Source Link: https://thehill.com/homenews/news/544754-new-coronavirus-strain-detected-in-india
, Title: null
Description: The Event Horizon Telescope project, which produced the world's first image of a black hole in 2019 in the M87 galaxy, unveiled a new view of its magnetic fields as captured by polarized light.
Date Published: Wed Mar 24 14:05:34 PDT 2021
Source Link: https://www.npr.org/2021/03/24/980896706/stunning-new-image-of-black-hole-reveals-surrounding-magnetic-fields
]
validArticles= [Title: NHL fires referee Tim Peel after hot mic captures him saying he 'wanted to' call penalty - NBC News
Description: NHL ices referee Tim Peel after hot mic captures odd, f-bomb comment
Date Published: Wed Mar 24 12:06:32 PDT 2021
Source Link: https://www.nbcnews.com/news/us-news/nhl-fires-referee-tim-peel-after-hot-mic-captures-him-n1261954
, Title: New coronavirus strain detected in India | TheHill - The Hill
Description: A new coronavirus strain has been detected in India, the ...
Date Published: Wed Mar 24 11:59:09 PDT 2021
Source Link: https://thehill.com/homenews/news/544754-new-coronavirus-strain-detected-in-india
]
invalidArticles= [Title: null
Description: The Event Horizon Telescope project, which produced the world's first image of a black hole in 2019 in the M87 galaxy, unveiled a new view of its magnetic fields as captured by polarized light.
Date Published: Wed Mar 24 14:05:34 PDT 2021
Source Link: https://www.npr.org/2021/03/24/980896706/stunning-new-image-of-black-hole-reveals-surrounding-magnetic-fields
]}]>
	at org.junit.jupiter.api.AssertionFailureBuilder.build(AssertionFailureBuilder.java:151)
	at org.junit.jupiter.api.AssertionFailureBuilder.buildAndThrow(AssertionFailureBuilder.java:132)
	at org.junit.jupiter.api.AssertEquals.failNotEqual(AssertEquals.java:197)
	at org.junit.jupiter.api.AssertEquals.assertEquals(AssertEquals.java:182)
	at org.junit.jupiter.api.AssertEquals.assertEquals(AssertEquals.java:177)
	at org.junit.jupiter.api.Assertions.assertEquals(Assertions.java:1145)
	at CoreTests.ParserTests.BasicParserTests.testParse_MultipleMixedCollections(BasicParserTests.java:169)
	at java.base/java.lang.reflect.Method.invoke(Method.java:580)
	at java.base/java.util.ArrayList.forEach(ArrayList.java:1597)
	at java.base/java.util.ArrayList.forEach(ArrayList.java:1597)
]]></failure>
    <system-err><![CDATA[Oct 30, 2024 3:05:30 PM CustomNewsAPI.Core.Parsers.APIParser lambda$0
SEVERE: Caught a JSONException while parsing.
{
  "status": "ok",
  "totalResults": 3,
  "articles": [
    {
      "source": {
        "id": "nbc-news",
        "name": "NBC News"
      },
      "author": "David K. Li, The Associated Press",
      "title": "NHL fires referee Tim Peel after hot mic captures him saying he 'wanted to' call penalty - NBC News",
      "description": "NHL ices referee Tim Peel after hot mic captures odd, f-bomb comment",
      "url": "https://www.nbcnews.com/news/us-news/nhl-fires-referee-tim-peel-after-hot-mic-captures-him-n1261954",
      "urlToImage": "https://media4.s-nbcnews.com/j/newscms/2021_12/3459282/210324-tim-peel-jm-1401_53a25ae71f2d6a577dbd8be6bf880c4e.nbcnews-fp-1200-630.jpg",
      "publishedAt": "2021-03-24T19:06:32Z",
      "content": "The NHL fired referee Tim Peel on Wednesday after a hot mic captured him boasting about whistling a penalty because he \"wanted to.\"\r\nThe league's action came less than 24 hours after Peel officiated … [+1920 chars]"
    },
    {
      "source": {
        "id": "the-hill",
        "name": "The Hill"
      },
      "author": "Mychael Schnell",
      "title": "New coronavirus strain detected in India | TheHill - The Hill",
      "description": "A new coronavirus strain has been detected in India, the ...",
      "url": "https://thehill.com/homenews/news/544754-new-coronavirus-strain-detected-in-india",
      "urlToImage": "https://thehill.com/sites/default/files/indiacoronavirus_032421getty.jpg",
      "publishedAt": "2021-03-24T18:59:09Z",
      "content": "A new coronavirus strain has been detected in India, the nation's health ministry announced on Wednesday, but officials have not yet determined if the variant is contributing to a surge of cases in t… [+1764 chars]"
    },
    {
      "source": {
        "id": null,
        "name": "NPR"
      },
      "author": "Rachel Treisman",
      "description": "The Event Horizon Telescope project, which produced the world's first image of a black hole in 2019 in the M87 galaxy, unveiled a new view of its magnetic fields as captured by polarized light.",
      "url": "https://www.npr.org/2021/03/24/980896706/stunning-new-image-of-black-hole-reveals-surrounding-magnetic-fields",
      "urlToImage": "https://media.npr.org/assets/img/2021/03/24/black-hole_wide-9e71068489f46bf5fad165a35cfa0be937b0e968.jpg?s=1400",
      "publishedAt": "2021-03-24T21:05:34Z",
      "content": "The Event Horizon Telescope collaboration, which released the world's first image of a black hole in 2019, unveiled a new view on Wednesday showing how the object at the center of the M87 galaxy look… [+4196 chars]"
    }
  ]
}
JSONObject["status"] not found.
Oct 30, 2024 3:05:30 PM CustomNewsAPI.Core.Parsers.APIParser lambda$0
SEVERE: Caught a JSONException while parsing.
{
  "status": "ok",
  "totalResults": 3,
  "articles": [
    {
      "source": {
        "id": "nbc-news",
        "name": "NBC News"
      },
      "author": "David K. Li, The Associated Press",
      "title": "NHL fires referee Tim Peel after hot mic captures him saying he 'wanted to' call penalty - NBC News",
      "description": "NHL ices referee Tim Peel after hot mic captures odd, f-bomb comment",
      "url": "https://www.nbcnews.com/news/us-news/nhl-fires-referee-tim-peel-after-hot-mic-captures-him-n1261954",
      "urlToImage": "https://media4.s-nbcnews.com/j/newscms/2021_12/3459282/210324-tim-peel-jm-1401_53a25ae71f2d6a577dbd8be6bf880c4e.nbcnews-fp-1200-630.jpg",
      "publishedAt": "2021-03-24T19:06:32Z",
      "content": "The NHL fired referee Tim Peel on Wednesday after a hot mic captured him boasting about whistling a penalty because he \"wanted to.\"\r\nThe league's action came less than 24 hours after Peel officiated … [+1920 chars]"
    },
    {
      "source": {
        "id": "the-hill",
        "name": "The Hill"
      },
      "author": "Mychael Schnell",
      "title": "New coronavirus strain detected in India | TheHill - The Hill",
      "description": "A new coronavirus strain has been detected in India, the ...",
      "url": "https://thehill.com/homenews/news/544754-new-coronavirus-strain-detected-in-india",
      "urlToImage": "https://thehill.com/sites/default/files/indiacoronavirus_032421getty.jpg",
      "publishedAt": "2021-03-24T18:59:09Z",
      "content": "A new coronavirus strain has been detected in India, the nation's health ministry announced on Wednesday, but officials have not yet determined if the variant is contributing to a surge of cases in t… [+1764 chars]"
    },
    {
      "source": {
        "id": null,
        "name": "NPR"
      },
      "author": "Rachel Treisman",
      "description": "The Event Horizon Telescope project, which produced the world's first image of a black hole in 2019 in the M87 galaxy, unveiled a new view of its magnetic fields as captured by polarized light.",
      "url": "https://www.npr.org/2021/03/24/980896706/stunning-new-image-of-black-hole-reveals-surrounding-magnetic-fields",
      "urlToImage": "https://media.npr.org/assets/img/2021/03/24/black-hole_wide-9e71068489f46bf5fad165a35cfa0be937b0e968.jpg?s=1400",
      "publishedAt": "2021-03-24T21:05:34Z",
      "content": "The Event Horizon Telescope collaboration, which released the world's first image of a black hole in 2019, unveiled a new view on Wednesday showing how the object at the center of the M87 galaxy look… [+4196 chars]"
    }
  ]
}
JSONObject["status"] not found.
Oct 30, 2024 3:05:30 PM CustomNewsAPI.Core.Parsers.APIParser lambda$0
SEVERE: Caught a JSONException while parsing.
{
  "status": "ok",
  "totalResults": 3,
  "articles": [
    {
      "source": {
        "id": "nbc-news",
        "name": "NBC News"
      },
      "author": "David K. Li, The Associated Press",
      "title": "NHL fires referee Tim Peel after hot mic captures him saying he 'wanted to' call penalty - NBC News",
      "description": "NHL ices referee Tim Peel after hot mic captures odd, f-bomb comment",
      "url": "https://www.nbcnews.com/news/us-news/nhl-fires-referee-tim-peel-after-hot-mic-captures-him-n1261954",
      "urlToImage": "https://media4.s-nbcnews.com/j/newscms/2021_12/3459282/210324-tim-peel-jm-1401_53a25ae71f2d6a577dbd8be6bf880c4e.nbcnews-fp-1200-630.jpg",
      "publishedAt": "2021-03-24T19:06:32Z",
      "content": "The NHL fired referee Tim Peel on Wednesday after a hot mic captured him boasting about whistling a penalty because he \"wanted to.\"\r\nThe league's action came less than 24 hours after Peel officiated … [+1920 chars]"
    },
    {
      "source": {
        "id": "the-hill",
        "name": "The Hill"
      },
      "author": "Mychael Schnell",
      "title": "New coronavirus strain detected in India | TheHill - The Hill",
      "description": "A new coronavirus strain has been detected in India, the ...",
      "url": "https://thehill.com/homenews/news/544754-new-coronavirus-strain-detected-in-india",
      "urlToImage": "https://thehill.com/sites/default/files/indiacoronavirus_032421getty.jpg",
      "publishedAt": "2021-03-24T18:59:09Z",
      "content": "A new coronavirus strain has been detected in India, the nation's health ministry announced on Wednesday, but officials have not yet determined if the variant is contributing to a surge of cases in t… [+1764 chars]"
    },
    {
      "source": {
        "id": null,
        "name": "NPR"
      },
      "author": "Rachel Treisman",
      "description": "The Event Horizon Telescope project, which produced the world's first image of a black hole in 2019 in the M87 galaxy, unveiled a new view of its magnetic fields as captured by polarized light.",
      "url": "https://www.npr.org/2021/03/24/980896706/stunning-new-image-of-black-hole-reveals-surrounding-magnetic-fields",
      "urlToImage": "https://media.npr.org/assets/img/2021/03/24/black-hole_wide-9e71068489f46bf5fad165a35cfa0be937b0e968.jpg?s=1400",
      "publishedAt": "2021-03-24T21:05:34Z",
      "content": "The Event Horizon Telescope collaboration, which released the world's first image of a black hole in 2019, unveiled a new view on Wednesday showing how the object at the center of the M87 galaxy look… [+4196 chars]"
    }
  ]
}
JSONObject["status"] not found.
]]></system-err>
  </testcase>
  <testcase name="testParse_MixedArticles" classname="CoreTests.ParserTests.BasicParserTests" time="0.02">
    <error message="Index 0 out of bounds for length 0" type="java.lang.IndexOutOfBoundsException"><![CDATA[java.lang.IndexOutOfBoundsException: Index 0 out of bounds for length 0
	at java.base/jdk.internal.util.Preconditions.outOfBounds(Preconditions.java:100)
	at java.base/jdk.internal.util.Preconditions.outOfBoundsCheckIndex(Preconditions.java:106)
	at java.base/jdk.internal.util.Preconditions.checkIndex(Preconditions.java:302)
	at java.base/java.util.Objects.checkIndex(Objects.java:365)
	at java.base/java.util.ArrayList.get(ArrayList.java:428)
	at CoreTests.ParserTests.BasicParserTests.testParse_MixedArticles(BasicParserTests.java:102)
	at java.base/java.lang.reflect.Method.invoke(Method.java:580)
	at java.base/java.util.ArrayList.forEach(ArrayList.java:1597)
	at java.base/java.util.ArrayList.forEach(ArrayList.java:1597)
]]></error>
    <system-err><![CDATA[Oct 30, 2024 3:05:30 PM CustomNewsAPI.Core.Parsers.APIParser lambda$0
SEVERE: Caught a JSONException while parsing.
{
  "status": "ok",
  "totalResults": 3,
  "articles": [
    {
      "source": {
        "id": "nbc-news",
        "name": "NBC News"
      },
      "author": "David K. Li, The Associated Press",
      "title": "NHL fires referee Tim Peel after hot mic captures him saying he 'wanted to' call penalty - NBC News",
      "description": "NHL ices referee Tim Peel after hot mic captures odd, f-bomb comment",
      "url": "https://www.nbcnews.com/news/us-news/nhl-fires-referee-tim-peel-after-hot-mic-captures-him-n1261954",
      "urlToImage": "https://media4.s-nbcnews.com/j/newscms/2021_12/3459282/210324-tim-peel-jm-1401_53a25ae71f2d6a577dbd8be6bf880c4e.nbcnews-fp-1200-630.jpg",
      "publishedAt": "2021-03-24T19:06:32Z",
      "content": "The NHL fired referee Tim Peel on Wednesday after a hot mic captured him boasting about whistling a penalty because he \"wanted to.\"\r\nThe league's action came less than 24 hours after Peel officiated … [+1920 chars]"
    },
    {
      "source": {
        "id": "the-hill",
        "name": "The Hill"
      },
      "author": "Mychael Schnell",
      "title": "New coronavirus strain detected in India | TheHill - The Hill",
      "description": "A new coronavirus strain has been detected in India, the ...",
      "url": "https://thehill.com/homenews/news/544754-new-coronavirus-strain-detected-in-india",
      "urlToImage": "https://thehill.com/sites/default/files/indiacoronavirus_032421getty.jpg",
      "publishedAt": "2021-03-24T18:59:09Z",
      "content": "A new coronavirus strain has been detected in India, the nation's health ministry announced on Wednesday, but officials have not yet determined if the variant is contributing to a surge of cases in t… [+1764 chars]"
    },
    {
      "source": {
        "id": null,
        "name": "NPR"
      },
      "author": "Rachel Treisman",
      "description": "The Event Horizon Telescope project, which produced the world's first image of a black hole in 2019 in the M87 galaxy, unveiled a new view of its magnetic fields as captured by polarized light.",
      "url": "https://www.npr.org/2021/03/24/980896706/stunning-new-image-of-black-hole-reveals-surrounding-magnetic-fields",
      "urlToImage": "https://media.npr.org/assets/img/2021/03/24/black-hole_wide-9e71068489f46bf5fad165a35cfa0be937b0e968.jpg?s=1400",
      "publishedAt": "2021-03-24T21:05:34Z",
      "content": "The Event Horizon Telescope collaboration, which released the world's first image of a black hole in 2019, unveiled a new view on Wednesday showing how the object at the center of the M87 galaxy look… [+4196 chars]"
    }
  ]
}
JSONObject["status"] not found.
]]></system-err>
  </testcase>
  <testcase name="testParse_MultipleInvalidCollections" classname="CoreTests.ParserTests.BasicParserTests" time="0.023">
    <failure message="expected: &lt;[]&gt; but was: &lt;[Collection {status= ok&#10;totalResults= 3&#10;articles= [Title: null&#10;Description: NHL ices referee Tim Peel after hot mic captures odd, f-bomb comment&#10;Date Published: Wed Mar 24 12:06:32 PDT 2021&#10;Source Link: https://www.nbcnews.com/news/us-news/nhl-fires-referee-tim-peel-after-hot-mic-captures-him-n1261954&#10;, Title: null&#10;Description: A new coronavirus strain has been detected in India, the ...&#10;Date Published: Wed Mar 24 11:59:09 PDT 2021&#10;Source Link: https://thehill.com/homenews/news/544754-new-coronavirus-strain-detected-in-india&#10;, Title: null&#10;Description: The Event Horizon Telescope project, which produced the world&apos;s first image of a black hole in 2019 in the M87 galaxy, unveiled a new view of its magnetic fields as captured by polarized light.&#10;Date Published: Wed Mar 24 14:05:34 PDT 2021&#10;Source Link: https://www.npr.org/2021/03/24/980896706/stunning-new-image-of-black-hole-reveals-surrounding-magnetic-fields&#10;]&#10;validArticles= []&#10;invalidArticles= [Title: null&#10;Description: NHL ices referee Tim Peel after hot mic captures odd, f-bomb comment&#10;Date Published: Wed Mar 24 12:06:32 PDT 2021&#10;Source Link: https://www.nbcnews.com/news/us-news/nhl-fires-referee-tim-peel-after-hot-mic-captures-him-n1261954&#10;, Title: null&#10;Description: A new coronavirus strain has been detected in India, the ...&#10;Date Published: Wed Mar 24 11:59:09 PDT 2021&#10;Source Link: https://thehill.com/homenews/news/544754-new-coronavirus-strain-detected-in-india&#10;, Title: null&#10;Description: The Event Horizon Telescope project, which produced the world&apos;s first image of a black hole in 2019 in the M87 galaxy, unveiled a new view of its magnetic fields as captured by polarized light.&#10;Date Published: Wed Mar 24 14:05:34 PDT 2021&#10;Source Link: https://www.npr.org/2021/03/24/980896706/stunning-new-image-of-black-hole-reveals-surrounding-magnetic-fields&#10;]}, Collection {status= ok&#10;totalResults= 3&#10;articles= [Title: null&#10;Description: NHL ices referee Tim Peel after hot mic captures odd, f-bomb comment&#10;Date Published: Wed Mar 24 12:06:32 PDT 2021&#10;Source Link: https://www.nbcnews.com/news/us-news/nhl-fires-referee-tim-peel-after-hot-mic-captures-him-n1261954&#10;, Title: null&#10;Description: A new coronavirus strain has been detected in India, the ...&#10;Date Published: Wed Mar 24 11:59:09 PDT 2021&#10;Source Link: https://thehill.com/homenews/news/544754-new-coronavirus-strain-detected-in-india&#10;, Title: null&#10;Description: The Event Horizon Telescope project, which produced the world&apos;s first image of a black hole in 2019 in the M87 galaxy, unveiled a new view of its magnetic fields as captured by polarized light.&#10;Date Published: Wed Mar 24 14:05:34 PDT 2021&#10;Source Link: https://www.npr.org/2021/03/24/980896706/stunning-new-image-of-black-hole-reveals-surrounding-magnetic-fields&#10;]&#10;validArticles= []&#10;invalidArticles= [Title: null&#10;Description: NHL ices referee Tim Peel after hot mic captures odd, f-bomb comment&#10;Date Published: Wed Mar 24 12:06:32 PDT 2021&#10;Source Link: https://www.nbcnews.com/news/us-news/nhl-fires-referee-tim-peel-after-hot-mic-captures-him-n1261954&#10;, Title: null&#10;Description: A new coronavirus strain has been detected in India, the ...&#10;Date Published: Wed Mar 24 11:59:09 PDT 2021&#10;Source Link: https://thehill.com/homenews/news/544754-new-coronavirus-strain-detected-in-india&#10;, Title: null&#10;Description: The Event Horizon Telescope project, which produced the world&apos;s first image of a black hole in 2019 in the M87 galaxy, unveiled a new view of its magnetic fields as captured by polarized light.&#10;Date Published: Wed Mar 24 14:05:34 PDT 2021&#10;Source Link: https://www.npr.org/2021/03/24/980896706/stunning-new-image-of-black-hole-reveals-surrounding-magnetic-fields&#10;]}, Collection {status= ok&#10;totalResults= 3&#10;articles= [Title: null&#10;Description: NHL ices referee Tim Peel after hot mic captures odd, f-bomb comment&#10;Date Published: Wed Mar 24 12:06:32 PDT 2021&#10;Source Link: https://www.nbcnews.com/news/us-news/nhl-fires-referee-tim-peel-after-hot-mic-captures-him-n1261954&#10;, Title: null&#10;Description: A new coronavirus strain has been detected in India, the ...&#10;Date Published: Wed Mar 24 11:59:09 PDT 2021&#10;Source Link: https://thehill.com/homenews/news/544754-new-coronavirus-strain-detected-in-india&#10;, Title: null&#10;Description: The Event Horizon Telescope project, which produced the world&apos;s first image of a black hole in 2019 in the M87 galaxy, unveiled a new view of its magnetic fields as captured by polarized light.&#10;Date Published: Wed Mar 24 14:05:34 PDT 2021&#10;Source Link: https://www.npr.org/2021/03/24/980896706/stunning-new-image-of-black-hole-reveals-surrounding-magnetic-fields&#10;]&#10;validArticles= []&#10;invalidArticles= [Title: null&#10;Description: NHL ices referee Tim Peel after hot mic captures odd, f-bomb comment&#10;Date Published: Wed Mar 24 12:06:32 PDT 2021&#10;Source Link: https://www.nbcnews.com/news/us-news/nhl-fires-referee-tim-peel-after-hot-mic-captures-him-n1261954&#10;, Title: null&#10;Description: A new coronavirus strain has been detected in India, the ...&#10;Date Published: Wed Mar 24 11:59:09 PDT 2021&#10;Source Link: https://thehill.com/homenews/news/544754-new-coronavirus-strain-detected-in-india&#10;, Title: null&#10;Description: The Event Horizon Telescope project, which produced the world&apos;s first image of a black hole in 2019 in the M87 galaxy, unveiled a new view of its magnetic fields as captured by polarized light.&#10;Date Published: Wed Mar 24 14:05:34 PDT 2021&#10;Source Link: https://www.npr.org/2021/03/24/980896706/stunning-new-image-of-black-hole-reveals-surrounding-magnetic-fields&#10;]}]&gt;" type="org.opentest4j.AssertionFailedError"><![CDATA[org.opentest4j.AssertionFailedError: 
expected: <[]> but was: <[Collection {status= ok
totalResults= 3
articles= [Title: null
Description: NHL ices referee Tim Peel after hot mic captures odd, f-bomb comment
Date Published: Wed Mar 24 12:06:32 PDT 2021
Source Link: https://www.nbcnews.com/news/us-news/nhl-fires-referee-tim-peel-after-hot-mic-captures-him-n1261954
, Title: null
Description: A new coronavirus strain has been detected in India, the ...
Date Published: Wed Mar 24 11:59:09 PDT 2021
Source Link: https://thehill.com/homenews/news/544754-new-coronavirus-strain-detected-in-india
, Title: null
Description: The Event Horizon Telescope project, which produced the world's first image of a black hole in 2019 in the M87 galaxy, unveiled a new view of its magnetic fields as captured by polarized light.
Date Published: Wed Mar 24 14:05:34 PDT 2021
Source Link: https://www.npr.org/2021/03/24/980896706/stunning-new-image-of-black-hole-reveals-surrounding-magnetic-fields
]
validArticles= []
invalidArticles= [Title: null
Description: NHL ices referee Tim Peel after hot mic captures odd, f-bomb comment
Date Published: Wed Mar 24 12:06:32 PDT 2021
Source Link: https://www.nbcnews.com/news/us-news/nhl-fires-referee-tim-peel-after-hot-mic-captures-him-n1261954
, Title: null
Description: A new coronavirus strain has been detected in India, the ...
Date Published: Wed Mar 24 11:59:09 PDT 2021
Source Link: https://thehill.com/homenews/news/544754-new-coronavirus-strain-detected-in-india
, Title: null
Description: The Event Horizon Telescope project, which produced the world's first image of a black hole in 2019 in the M87 galaxy, unveiled a new view of its magnetic fields as captured by polarized light.
Date Published: Wed Mar 24 14:05:34 PDT 2021
Source Link: https://www.npr.org/2021/03/24/980896706/stunning-new-image-of-black-hole-reveals-surrounding-magnetic-fields
]}, Collection {status= ok
totalResults= 3
articles= [Title: null
Description: NHL ices referee Tim Peel after hot mic captures odd, f-bomb comment
Date Published: Wed Mar 24 12:06:32 PDT 2021
Source Link: https://www.nbcnews.com/news/us-news/nhl-fires-referee-tim-peel-after-hot-mic-captures-him-n1261954
, Title: null
Description: A new coronavirus strain has been detected in India, the ...
Date Published: Wed Mar 24 11:59:09 PDT 2021
Source Link: https://thehill.com/homenews/news/544754-new-coronavirus-strain-detected-in-india
, Title: null
Description: The Event Horizon Telescope project, which produced the world's first image of a black hole in 2019 in the M87 galaxy, unveiled a new view of its magnetic fields as captured by polarized light.
Date Published: Wed Mar 24 14:05:34 PDT 2021
Source Link: https://www.npr.org/2021/03/24/980896706/stunning-new-image-of-black-hole-reveals-surrounding-magnetic-fields
]
validArticles= []
invalidArticles= [Title: null
Description: NHL ices referee Tim Peel after hot mic captures odd, f-bomb comment
Date Published: Wed Mar 24 12:06:32 PDT 2021
Source Link: https://www.nbcnews.com/news/us-news/nhl-fires-referee-tim-peel-after-hot-mic-captures-him-n1261954
, Title: null
Description: A new coronavirus strain has been detected in India, the ...
Date Published: Wed Mar 24 11:59:09 PDT 2021
Source Link: https://thehill.com/homenews/news/544754-new-coronavirus-strain-detected-in-india
, Title: null
Description: The Event Horizon Telescope project, which produced the world's first image of a black hole in 2019 in the M87 galaxy, unveiled a new view of its magnetic fields as captured by polarized light.
Date Published: Wed Mar 24 14:05:34 PDT 2021
Source Link: https://www.npr.org/2021/03/24/980896706/stunning-new-image-of-black-hole-reveals-surrounding-magnetic-fields
]}, Collection {status= ok
totalResults= 3
articles= [Title: null
Description: NHL ices referee Tim Peel after hot mic captures odd, f-bomb comment
Date Published: Wed Mar 24 12:06:32 PDT 2021
Source Link: https://www.nbcnews.com/news/us-news/nhl-fires-referee-tim-peel-after-hot-mic-captures-him-n1261954
, Title: null
Description: A new coronavirus strain has been detected in India, the ...
Date Published: Wed Mar 24 11:59:09 PDT 2021
Source Link: https://thehill.com/homenews/news/544754-new-coronavirus-strain-detected-in-india
, Title: null
Description: The Event Horizon Telescope project, which produced the world's first image of a black hole in 2019 in the M87 galaxy, unveiled a new view of its magnetic fields as captured by polarized light.
Date Published: Wed Mar 24 14:05:34 PDT 2021
Source Link: https://www.npr.org/2021/03/24/980896706/stunning-new-image-of-black-hole-reveals-surrounding-magnetic-fields
]
validArticles= []
invalidArticles= [Title: null
Description: NHL ices referee Tim Peel after hot mic captures odd, f-bomb comment
Date Published: Wed Mar 24 12:06:32 PDT 2021
Source Link: https://www.nbcnews.com/news/us-news/nhl-fires-referee-tim-peel-after-hot-mic-captures-him-n1261954
, Title: null
Description: A new coronavirus strain has been detected in India, the ...
Date Published: Wed Mar 24 11:59:09 PDT 2021
Source Link: https://thehill.com/homenews/news/544754-new-coronavirus-strain-detected-in-india
, Title: null
Description: The Event Horizon Telescope project, which produced the world's first image of a black hole in 2019 in the M87 galaxy, unveiled a new view of its magnetic fields as captured by polarized light.
Date Published: Wed Mar 24 14:05:34 PDT 2021
Source Link: https://www.npr.org/2021/03/24/980896706/stunning-new-image-of-black-hole-reveals-surrounding-magnetic-fields
]}]>
	at org.junit.jupiter.api.AssertionFailureBuilder.build(AssertionFailureBuilder.java:151)
	at org.junit.jupiter.api.AssertionFailureBuilder.buildAndThrow(AssertionFailureBuilder.java:132)
	at org.junit.jupiter.api.AssertEquals.failNotEqual(AssertEquals.java:197)
	at org.junit.jupiter.api.AssertEquals.assertEquals(AssertEquals.java:182)
	at org.junit.jupiter.api.AssertEquals.assertEquals(AssertEquals.java:177)
	at org.junit.jupiter.api.Assertions.assertEquals(Assertions.java:1145)
	at CoreTests.ParserTests.BasicParserTests.testParse_MultipleInvalidCollections(BasicParserTests.java:148)
	at java.base/java.lang.reflect.Method.invoke(Method.java:580)
	at java.base/java.util.ArrayList.forEach(ArrayList.java:1597)
	at java.base/java.util.ArrayList.forEach(ArrayList.java:1597)
]]></failure>
    <system-err><![CDATA[Oct 30, 2024 3:05:30 PM CustomNewsAPI.Core.Parsers.APIParser lambda$0
SEVERE: Caught a JSONException while parsing.
{
  "status": "ok",
  "totalResults": 3,
  "articles": [
    {
      "source": {
        "id": "nbc-news",
        "name": "NBC News"
      },
      "author": "David K. Li, The Associated Press",
      "description": "NHL ices referee Tim Peel after hot mic captures odd, f-bomb comment",
      "url": "https://www.nbcnews.com/news/us-news/nhl-fires-referee-tim-peel-after-hot-mic-captures-him-n1261954",
      "urlToImage": "https://media4.s-nbcnews.com/j/newscms/2021_12/3459282/210324-tim-peel-jm-1401_53a25ae71f2d6a577dbd8be6bf880c4e.nbcnews-fp-1200-630.jpg",
      "publishedAt": "2021-03-24T19:06:32Z",
      "content": "The NHL fired referee Tim Peel on Wednesday after a hot mic captured him boasting about whistling a penalty because he \"wanted to.\"\r\nThe league's action came less than 24 hours after Peel officiated … [+1920 chars]"
    },
    {
      "source": {
        "id": "the-hill",
        "name": "The Hill"
      },
      "author": "Mychael Schnell",
      "description": "A new coronavirus strain has been detected in India, the ...",
      "url": "https://thehill.com/homenews/news/544754-new-coronavirus-strain-detected-in-india",
      "urlToImage": "https://thehill.com/sites/default/files/indiacoronavirus_032421getty.jpg",
      "publishedAt": "2021-03-24T18:59:09Z",
      "content": "A new coronavirus strain has been detected in India, the nation's health ministry announced on Wednesday, but officials have not yet determined if the variant is contributing to a surge of cases in t… [+1764 chars]"
    },
    {
      "source": {
        "id": null,
        "name": "NPR"
      },
      "author": "Rachel Treisman",
      "description": "The Event Horizon Telescope project, which produced the world's first image of a black hole in 2019 in the M87 galaxy, unveiled a new view of its magnetic fields as captured by polarized light.",
      "url": "https://www.npr.org/2021/03/24/980896706/stunning-new-image-of-black-hole-reveals-surrounding-magnetic-fields",
      "urlToImage": "https://media.npr.org/assets/img/2021/03/24/black-hole_wide-9e71068489f46bf5fad165a35cfa0be937b0e968.jpg?s=1400",
      "publishedAt": "2021-03-24T21:05:34Z",
      "content": "The Event Horizon Telescope collaboration, which released the world's first image of a black hole in 2019, unveiled a new view on Wednesday showing how the object at the center of the M87 galaxy look… [+4196 chars]"
    }
  ]
}
JSONObject["status"] not found.
Oct 30, 2024 3:05:30 PM CustomNewsAPI.Core.Parsers.APIParser lambda$0
SEVERE: Caught a JSONException while parsing.
{
  "status": "ok",
  "totalResults": 3,
  "articles": [
    {
      "source": {
        "id": "nbc-news",
        "name": "NBC News"
      },
      "author": "David K. Li, The Associated Press",
      "description": "NHL ices referee Tim Peel after hot mic captures odd, f-bomb comment",
      "url": "https://www.nbcnews.com/news/us-news/nhl-fires-referee-tim-peel-after-hot-mic-captures-him-n1261954",
      "urlToImage": "https://media4.s-nbcnews.com/j/newscms/2021_12/3459282/210324-tim-peel-jm-1401_53a25ae71f2d6a577dbd8be6bf880c4e.nbcnews-fp-1200-630.jpg",
      "publishedAt": "2021-03-24T19:06:32Z",
      "content": "The NHL fired referee Tim Peel on Wednesday after a hot mic captured him boasting about whistling a penalty because he \"wanted to.\"\r\nThe league's action came less than 24 hours after Peel officiated … [+1920 chars]"
    },
    {
      "source": {
        "id": "the-hill",
        "name": "The Hill"
      },
      "author": "Mychael Schnell",
      "description": "A new coronavirus strain has been detected in India, the ...",
      "url": "https://thehill.com/homenews/news/544754-new-coronavirus-strain-detected-in-india",
      "urlToImage": "https://thehill.com/sites/default/files/indiacoronavirus_032421getty.jpg",
      "publishedAt": "2021-03-24T18:59:09Z",
      "content": "A new coronavirus strain has been detected in India, the nation's health ministry announced on Wednesday, but officials have not yet determined if the variant is contributing to a surge of cases in t… [+1764 chars]"
    },
    {
      "source": {
        "id": null,
        "name": "NPR"
      },
      "author": "Rachel Treisman",
      "description": "The Event Horizon Telescope project, which produced the world's first image of a black hole in 2019 in the M87 galaxy, unveiled a new view of its magnetic fields as captured by polarized light.",
      "url": "https://www.npr.org/2021/03/24/980896706/stunning-new-image-of-black-hole-reveals-surrounding-magnetic-fields",
      "urlToImage": "https://media.npr.org/assets/img/2021/03/24/black-hole_wide-9e71068489f46bf5fad165a35cfa0be937b0e968.jpg?s=1400",
      "publishedAt": "2021-03-24T21:05:34Z",
      "content": "The Event Horizon Telescope collaboration, which released the world's first image of a black hole in 2019, unveiled a new view on Wednesday showing how the object at the center of the M87 galaxy look… [+4196 chars]"
    }
  ]
}
JSONObject["status"] not found.
Oct 30, 2024 3:05:30 PM CustomNewsAPI.Core.Parsers.APIParser lambda$0
SEVERE: Caught a JSONException while parsing.
{
  "status": "ok",
  "totalResults": 3,
  "articles": [
    {
      "source": {
        "id": "nbc-news",
        "name": "NBC News"
      },
      "author": "David K. Li, The Associated Press",
      "description": "NHL ices referee Tim Peel after hot mic captures odd, f-bomb comment",
      "url": "https://www.nbcnews.com/news/us-news/nhl-fires-referee-tim-peel-after-hot-mic-captures-him-n1261954",
      "urlToImage": "https://media4.s-nbcnews.com/j/newscms/2021_12/3459282/210324-tim-peel-jm-1401_53a25ae71f2d6a577dbd8be6bf880c4e.nbcnews-fp-1200-630.jpg",
      "publishedAt": "2021-03-24T19:06:32Z",
      "content": "The NHL fired referee Tim Peel on Wednesday after a hot mic captured him boasting about whistling a penalty because he \"wanted to.\"\r\nThe league's action came less than 24 hours after Peel officiated … [+1920 chars]"
    },
    {
      "source": {
        "id": "the-hill",
        "name": "The Hill"
      },
      "author": "Mychael Schnell",
      "description": "A new coronavirus strain has been detected in India, the ...",
      "url": "https://thehill.com/homenews/news/544754-new-coronavirus-strain-detected-in-india",
      "urlToImage": "https://thehill.com/sites/default/files/indiacoronavirus_032421getty.jpg",
      "publishedAt": "2021-03-24T18:59:09Z",
      "content": "A new coronavirus strain has been detected in India, the nation's health ministry announced on Wednesday, but officials have not yet determined if the variant is contributing to a surge of cases in t… [+1764 chars]"
    },
    {
      "source": {
        "id": null,
        "name": "NPR"
      },
      "author": "Rachel Treisman",
      "description": "The Event Horizon Telescope project, which produced the world's first image of a black hole in 2019 in the M87 galaxy, unveiled a new view of its magnetic fields as captured by polarized light.",
      "url": "https://www.npr.org/2021/03/24/980896706/stunning-new-image-of-black-hole-reveals-surrounding-magnetic-fields",
      "urlToImage": "https://media.npr.org/assets/img/2021/03/24/black-hole_wide-9e71068489f46bf5fad165a35cfa0be937b0e968.jpg?s=1400",
      "publishedAt": "2021-03-24T21:05:34Z",
      "content": "The Event Horizon Telescope collaboration, which released the world's first image of a black hole in 2019, unveiled a new view on Wednesday showing how the object at the center of the M87 galaxy look… [+4196 chars]"
    }
  ]
}
JSONObject["status"] not found.
]]></system-err>
  </testcase>
</testsuite>